{"C:\\Users\\DELL\\Desktop\\Hello\\Demo-project\\frontend\\src\\api\\axiosInstance.jsx": {"path":"C:\\Users\\DELL\\Desktop\\Hello\\Demo-project\\frontend\\src\\api\\axiosInstance.jsx","statementMap":{"0":{"start":{"line":4,"column":12},"end":{"line":7,"column":null}},"1":{"start":{"line":10,"column":0},"end":{"line":21,"column":null}},"2":{"start":{"line":11,"column":16},"end":{"line":11,"column":null}},"3":{"start":{"line":13,"column":0},"end":{"line":18,"column":null}},"4":{"start":{"line":14,"column":6},"end":{"line":14,"column":null}},"5":{"start":{"line":15,"column":6},"end":{"line":15,"column":null}},"6":{"start":{"line":17,"column":6},"end":{"line":17,"column":null}},"7":{"start":{"line":19,"column":4},"end":{"line":19,"column":null}}},"fnMap":{"0":{"name":"(anonymous_0)","decl":{"start":{"line":11,"column":2},"end":{"line":11,"column":3}},"loc":{"start":{"line":11,"column":16},"end":{"line":11,"column":null}},"line":11},"1":{"name":"(anonymous_1)","decl":{"start":{"line":12,"column":2},"end":{"line":12,"column":9}},"loc":{"start":{"line":12,"column":19},"end":{"line":20,"column":null}},"line":12}},"branchMap":{"0":{"loc":{"start":{"line":13,"column":0},"end":{"line":18,"column":null}},"type":"if","locations":[{"start":{"line":13,"column":0},"end":{"line":18,"column":null}},{"start":{},"end":{}}],"line":13},"1":{"loc":{"start":{"line":14,"column":47},"end":{"line":14,"column":117}},"type":"binary-expr","locations":[{"start":{"line":14,"column":47},"end":{"line":14,"column":78}},{"start":{"line":14,"column":78},"end":{"line":14,"column":117}}],"line":14}},"s":{"0":1,"1":1,"2":0,"3":0,"4":0,"5":0,"6":0,"7":0},"f":{"0":0,"1":0},"b":{"0":[0,0],"1":[0,0]},"meta":{"lastBranch":2,"lastFunction":2,"lastStatement":8,"seen":{"s:4:12:7:Infinity":0,"s:10:0:21:Infinity":1,"f:11:2:11:3":0,"s:11:16:11:Infinity":2,"f:12:2:12:9":1,"b:13:0:18:Infinity:undefined:undefined:undefined:undefined":0,"s:13:0:18:Infinity":3,"s:14:6:14:Infinity":4,"b:14:47:14:78:14:78:14:117":1,"s:15:6:15:Infinity":5,"s:17:6:17:Infinity":6,"s:19:4:19:Infinity":7}}}
,"C:\\Users\\DELL\\Desktop\\Hello\\Demo-project\\frontend\\src\\components\\Pages\\AdminDashboard.jsx": {"path":"C:\\Users\\DELL\\Desktop\\Hello\\Demo-project\\frontend\\src\\components\\Pages\\AdminDashboard.jsx","statementMap":{"0":{"start":{"line":17,"column":23},"end":{"line":167,"column":null}},"1":{"start":{"line":18,"column":8},"end":{"line":18,"column":null}},"2":{"start":{"line":19,"column":8},"end":{"line":19,"column":null}},"3":{"start":{"line":20,"column":24},"end":{"line":20,"column":null}},"4":{"start":{"line":21,"column":36},"end":{"line":21,"column":null}},"5":{"start":{"line":23,"column":2},"end":{"line":30,"column":null}},"6":{"start":{"line":24,"column":25},"end":{"line":26,"column":null}},"7":{"start":{"line":25,"column":6},"end":{"line":25,"column":null}},"8":{"start":{"line":28,"column":4},"end":{"line":28,"column":null}},"9":{"start":{"line":29,"column":4},"end":{"line":29,"column":null}},"10":{"start":{"line":29,"column":17},"end":{"line":29,"column":null}},"11":{"start":{"line":32,"column":23},"end":{"line":37,"column":null}},"12":{"start":{"line":33,"column":2},"end":{"line":33,"column":null}},"13":{"start":{"line":34,"column":2},"end":{"line":34,"column":null}},"14":{"start":{"line":35,"column":2},"end":{"line":35,"column":null}},"15":{"start":{"line":36,"column":2},"end":{"line":36,"column":null}},"16":{"start":{"line":39,"column":2},"end":{"line":47,"column":null}},"17":{"start":{"line":41,"column":4},"end":{"line":45,"column":null}},"18":{"start":{"line":42,"column":6},"end":{"line":42,"column":null}},"19":{"start":{"line":43,"column":6},"end":{"line":43,"column":null}},"20":{"start":{"line":44,"column":6},"end":{"line":44,"column":null}},"21":{"start":{"line":48,"column":2},"end":{"line":165,"column":null}},"22":{"start":{"line":56,"column":29},"end":{"line":56,"column":null}},"23":{"start":{"line":75,"column":31},"end":{"line":75,"column":null}},"24":{"start":{"line":85,"column":33},"end":{"line":85,"column":null}},"25":{"start":{"line":86,"column":16},"end":{"line":108,"column":null}},"26":{"start":{"line":95,"column":20},"end":{"line":95,"column":null}},"27":{"start":{"line":96,"column":20},"end":{"line":96,"column":null}},"28":{"start":{"line":124,"column":37},"end":{"line":124,"column":null}},"29":{"start":{"line":128,"column":82},"end":{"line":128,"column":97}},"30":{"start":{"line":136,"column":41},"end":{"line":136,"column":null}}},"fnMap":{"0":{"name":"(anonymous_0)","decl":{"start":{"line":17,"column":23},"end":{"line":17,"column":29}},"loc":{"start":{"line":17,"column":29},"end":{"line":167,"column":null}},"line":17},"1":{"name":"(anonymous_1)","decl":{"start":{"line":23,"column":12},"end":{"line":23,"column":18}},"loc":{"start":{"line":23,"column":18},"end":{"line":30,"column":5}},"line":23},"2":{"name":"(anonymous_2)","decl":{"start":{"line":24,"column":25},"end":{"line":24,"column":31}},"loc":{"start":{"line":24,"column":31},"end":{"line":26,"column":null}},"line":24},"3":{"name":"(anonymous_3)","decl":{"start":{"line":29,"column":11},"end":{"line":29,"column":17}},"loc":{"start":{"line":29,"column":17},"end":{"line":29,"column":null}},"line":29},"4":{"name":"(anonymous_4)","decl":{"start":{"line":32,"column":23},"end":{"line":32,"column":35}},"loc":{"start":{"line":32,"column":35},"end":{"line":37,"column":null}},"line":32},"5":{"name":"(anonymous_5)","decl":{"start":{"line":39,"column":12},"end":{"line":39,"column":18}},"loc":{"start":{"line":39,"column":18},"end":{"line":47,"column":5}},"line":39},"6":{"name":"(anonymous_6)","decl":{"start":{"line":56,"column":23},"end":{"line":56,"column":29}},"loc":{"start":{"line":56,"column":29},"end":{"line":56,"column":null}},"line":56},"7":{"name":"(anonymous_7)","decl":{"start":{"line":75,"column":25},"end":{"line":75,"column":31}},"loc":{"start":{"line":75,"column":31},"end":{"line":75,"column":null}},"line":75},"8":{"name":"(anonymous_8)","decl":{"start":{"line":84,"column":25},"end":{"line":84,"column":26}},"loc":{"start":{"line":84,"column":35},"end":{"line":110,"column":15}},"line":84},"9":{"name":"(anonymous_9)","decl":{"start":{"line":94,"column":27},"end":{"line":94,"column":33}},"loc":{"start":{"line":94,"column":33},"end":{"line":97,"column":null}},"line":94},"10":{"name":"(anonymous_10)","decl":{"start":{"line":124,"column":31},"end":{"line":124,"column":37}},"loc":{"start":{"line":124,"column":37},"end":{"line":124,"column":null}},"line":124},"11":{"name":"(anonymous_11)","decl":{"start":{"line":128,"column":78},"end":{"line":128,"column":82}},"loc":{"start":{"line":128,"column":82},"end":{"line":128,"column":97}},"line":128},"12":{"name":"(anonymous_12)","decl":{"start":{"line":136,"column":35},"end":{"line":136,"column":41}},"loc":{"start":{"line":136,"column":41},"end":{"line":136,"column":null}},"line":136}},"branchMap":{"0":{"loc":{"start":{"line":41,"column":4},"end":{"line":45,"column":null}},"type":"if","locations":[{"start":{"line":41,"column":4},"end":{"line":45,"column":null}},{"start":{},"end":{}}],"line":41},"1":{"loc":{"start":{"line":41,"column":8},"end":{"line":41,"column":39}},"type":"binary-expr","locations":[{"start":{"line":41,"column":8},"end":{"line":41,"column":16}},{"start":{"line":41,"column":16},"end":{"line":41,"column":39}}],"line":41},"2":{"loc":{"start":{"line":53,"column":11},"end":{"line":57,"column":null}},"type":"binary-expr","locations":[{"start":{"line":53,"column":11},"end":{"line":53,"column":null}},{"start":{"line":54,"column":12},"end":{"line":57,"column":null}}],"line":53},"3":{"loc":{"start":{"line":63,"column":14},"end":{"line":63,"column":42}},"type":"cond-expr","locations":[{"start":{"line":63,"column":28},"end":{"line":63,"column":37}},{"start":{"line":63,"column":37},"end":{"line":63,"column":42}}],"line":63},"4":{"loc":{"start":{"line":69,"column":18},"end":{"line":69,"column":74}},"type":"cond-expr","locations":[{"start":{"line":69,"column":32},"end":{"line":69,"column":48}},{"start":{"line":69,"column":48},"end":{"line":69,"column":74}}],"line":69},"5":{"loc":{"start":{"line":90,"column":16},"end":{"line":92,"column":null}},"type":"cond-expr","locations":[{"start":{"line":91,"column":20},"end":{"line":91,"column":null}},{"start":{"line":92,"column":20},"end":{"line":92,"column":null}}],"line":90},"6":{"loc":{"start":{"line":104,"column":22},"end":{"line":104,"column":78}},"type":"cond-expr","locations":[{"start":{"line":104,"column":36},"end":{"line":104,"column":52}},{"start":{"line":104,"column":52},"end":{"line":104,"column":78}}],"line":104}},"s":{"0":1,"1":4,"2":4,"3":4,"4":4,"5":4,"6":4,"7":0,"8":4,"9":4,"10":4,"11":4,"12":1,"13":1,"14":1,"15":1,"16":4,"17":4,"18":1,"19":1,"20":1,"21":4,"22":0,"23":0,"24":24,"25":24,"26":0,"27":0,"28":0,"29":0,"30":1},"f":{"0":4,"1":4,"2":0,"3":4,"4":1,"5":4,"6":0,"7":0,"8":24,"9":0,"10":0,"11":0,"12":1},"b":{"0":[1,3],"1":[4,4],"2":[4,0],"3":[0,4],"4":[0,4],"5":[0,24],"6":[0,24]},"meta":{"lastBranch":7,"lastFunction":13,"lastStatement":31,"seen":{"s:17:23:167:Infinity":0,"f:17:23:17:29":0,"s:18:8:18:Infinity":1,"s:19:8:19:Infinity":2,"s:20:24:20:Infinity":3,"s:21:36:21:Infinity":4,"s:23:2:30:Infinity":5,"f:23:12:23:18":1,"s:24:25:26:Infinity":6,"f:24:25:24:31":2,"s:25:6:25:Infinity":7,"s:28:4:28:Infinity":8,"s:29:4:29:Infinity":9,"f:29:11:29:17":3,"s:29:17:29:Infinity":10,"s:32:23:37:Infinity":11,"f:32:23:32:35":4,"s:33:2:33:Infinity":12,"s:34:2:34:Infinity":13,"s:35:2:35:Infinity":14,"s:36:2:36:Infinity":15,"s:39:2:47:Infinity":16,"f:39:12:39:18":5,"b:41:4:45:Infinity:undefined:undefined:undefined:undefined":0,"s:41:4:45:Infinity":17,"b:41:8:41:16:41:16:41:39":1,"s:42:6:42:Infinity":18,"s:43:6:43:Infinity":19,"s:44:6:44:Infinity":20,"s:48:2:165:Infinity":21,"b:53:11:53:Infinity:54:12:57:Infinity":2,"f:56:23:56:29":6,"s:56:29:56:Infinity":22,"b:63:28:63:37:63:37:63:42":3,"b:69:32:69:48:69:48:69:74":4,"f:75:25:75:31":7,"s:75:31:75:Infinity":23,"f:84:25:84:26":8,"s:85:33:85:Infinity":24,"s:86:16:108:Infinity":25,"b:91:20:91:Infinity:92:20:92:Infinity":5,"f:94:27:94:33":9,"s:95:20:95:Infinity":26,"s:96:20:96:Infinity":27,"b:104:36:104:52:104:52:104:78":6,"f:124:31:124:37":10,"s:124:37:124:Infinity":28,"f:128:78:128:82":11,"s:128:82:128:97":29,"f:136:35:136:41":12,"s:136:41:136:Infinity":30}}}
,"C:\\Users\\DELL\\Desktop\\Hello\\Demo-project\\frontend\\src\\components\\Pages\\AdminFeaturesOverview.jsx": {"path":"C:\\Users\\DELL\\Desktop\\Hello\\Demo-project\\frontend\\src\\components\\Pages\\AdminFeaturesOverview.jsx","statementMap":{"0":{"start":{"line":11,"column":30},"end":{"line":43,"column":null}},"1":{"start":{"line":12,"column":8},"end":{"line":12,"column":null}},"2":{"start":{"line":13,"column":2},"end":{"line":41,"column":null}},"3":{"start":{"line":16,"column":14},"end":{"line":39,"column":null}},"4":{"start":{"line":19,"column":31},"end":{"line":19,"column":null}}},"fnMap":{"0":{"name":"(anonymous_0)","decl":{"start":{"line":11,"column":30},"end":{"line":11,"column":36}},"loc":{"start":{"line":11,"column":36},"end":{"line":43,"column":null}},"line":11},"1":{"name":"(anonymous_1)","decl":{"start":{"line":15,"column":23},"end":{"line":15,"column":24}},"loc":{"start":{"line":16,"column":14},"end":{"line":39,"column":null}},"line":16},"2":{"name":"(anonymous_2)","decl":{"start":{"line":19,"column":25},"end":{"line":19,"column":31}},"loc":{"start":{"line":19,"column":31},"end":{"line":19,"column":null}},"line":19}},"branchMap":{},"s":{"0":1,"1":3,"2":3,"3":9,"4":3},"f":{"0":3,"1":9,"2":3},"b":{},"meta":{"lastBranch":0,"lastFunction":3,"lastStatement":5,"seen":{"s:11:30:43:Infinity":0,"f:11:30:11:36":0,"s:12:8:12:Infinity":1,"s:13:2:41:Infinity":2,"f:15:23:15:24":1,"s:16:14:39:Infinity":3,"f:19:25:19:31":2,"s:19:31:19:Infinity":4}}}
,"C:\\Users\\DELL\\Desktop\\Hello\\Demo-project\\frontend\\src\\components\\Pages\\Dashboard.jsx": {"path":"C:\\Users\\DELL\\Desktop\\Hello\\Demo-project\\frontend\\src\\components\\Pages\\Dashboard.jsx","statementMap":{"0":{"start":{"line":11,"column":18},"end":{"line":143,"column":null}},"1":{"start":{"line":13,"column":15},"end":{"line":13,"column":null}},"2":{"start":{"line":14,"column":34},"end":{"line":14,"column":null}},"3":{"start":{"line":15,"column":32},"end":{"line":15,"column":null}},"4":{"start":{"line":17,"column":24},"end":{"line":28,"column":null}},"5":{"start":{"line":18,"column":6},"end":{"line":27,"column":null}},"6":{"start":{"line":19,"column":20},"end":{"line":23,"column":null}},"7":{"start":{"line":24,"column":8},"end":{"line":24,"column":null}},"8":{"start":{"line":26,"column":8},"end":{"line":26,"column":null}},"9":{"start":{"line":31,"column":24},"end":{"line":45,"column":null}},"10":{"start":{"line":32,"column":19},"end":{"line":32,"column":null}},"11":{"start":{"line":34,"column":24},"end":{"line":34,"column":null}},"12":{"start":{"line":35,"column":21},"end":{"line":35,"column":null}},"13":{"start":{"line":36,"column":21},"end":{"line":36,"column":null}},"14":{"start":{"line":37,"column":19},"end":{"line":37,"column":null}},"15":{"start":{"line":39,"column":4},"end":{"line":43,"column":null}},"16":{"start":{"line":47,"column":2},"end":{"line":49,"column":null}},"17":{"start":{"line":48,"column":4},"end":{"line":48,"column":null}},"18":{"start":{"line":51,"column":2},"end":{"line":141,"column":null}},"19":{"start":{"line":117,"column":31},"end":{"line":117,"column":null}},"20":{"start":{"line":128,"column":16},"end":{"line":128,"column":null}}},"fnMap":{"0":{"name":"(anonymous_0)","decl":{"start":{"line":11,"column":18},"end":{"line":11,"column":24}},"loc":{"start":{"line":11,"column":24},"end":{"line":143,"column":null}},"line":11},"1":{"name":"(anonymous_1)","decl":{"start":{"line":17,"column":24},"end":{"line":17,"column":36}},"loc":{"start":{"line":17,"column":36},"end":{"line":28,"column":null}},"line":17},"2":{"name":"(anonymous_2)","decl":{"start":{"line":31,"column":41},"end":{"line":31,"column":42}},"loc":{"start":{"line":31,"column":51},"end":{"line":45,"column":3}},"line":31},"3":{"name":"(anonymous_3)","decl":{"start":{"line":47,"column":12},"end":{"line":47,"column":16}},"loc":{"start":{"line":47,"column":16},"end":{"line":49,"column":4}},"line":47},"4":{"name":"(anonymous_4)","decl":{"start":{"line":117,"column":24},"end":{"line":117,"column":25}},"loc":{"start":{"line":117,"column":31},"end":{"line":117,"column":null}},"line":117},"5":{"name":"(anonymous_5)","decl":{"start":{"line":126,"column":23},"end":{"line":126,"column":29}},"loc":{"start":{"line":126,"column":29},"end":{"line":129,"column":null}},"line":126}},"branchMap":{"0":{"loc":{"start":{"line":24,"column":21},"end":{"line":24,"column":41}},"type":"binary-expr","locations":[{"start":{"line":24,"column":21},"end":{"line":24,"column":39}},{"start":{"line":24,"column":39},"end":{"line":24,"column":41}}],"line":24},"1":{"loc":{"start":{"line":34,"column":24},"end":{"line":34,"column":null}},"type":"binary-expr","locations":[{"start":{"line":34,"column":24},"end":{"line":34,"column":85}},{"start":{"line":34,"column":85},"end":{"line":34,"column":null}}],"line":34},"2":{"loc":{"start":{"line":35,"column":21},"end":{"line":35,"column":null}},"type":"binary-expr","locations":[{"start":{"line":35,"column":21},"end":{"line":35,"column":85}},{"start":{"line":35,"column":85},"end":{"line":35,"column":null}}],"line":35},"3":{"loc":{"start":{"line":36,"column":21},"end":{"line":36,"column":null}},"type":"binary-expr","locations":[{"start":{"line":36,"column":21},"end":{"line":36,"column":98}},{"start":{"line":36,"column":98},"end":{"line":36,"column":null}}],"line":36},"4":{"loc":{"start":{"line":37,"column":19},"end":{"line":37,"column":null}},"type":"binary-expr","locations":[{"start":{"line":37,"column":19},"end":{"line":37,"column":49}},{"start":{"line":37,"column":49},"end":{"line":37,"column":null}}],"line":37},"5":{"loc":{"start":{"line":40,"column":6},"end":{"line":43,"column":null}},"type":"binary-expr","locations":[{"start":{"line":40,"column":6},"end":{"line":40,"column":null}},{"start":{"line":41,"column":6},"end":{"line":41,"column":null}},{"start":{"line":42,"column":6},"end":{"line":42,"column":null}},{"start":{"line":43,"column":6},"end":{"line":43,"column":null}}],"line":40},"6":{"loc":{"start":{"line":73,"column":23},"end":{"line":73,"column":48}},"type":"binary-expr","locations":[{"start":{"line":73,"column":23},"end":{"line":73,"column":41}},{"start":{"line":73,"column":41},"end":{"line":73,"column":48}}],"line":73},"7":{"loc":{"start":{"line":123,"column":12},"end":{"line":132,"column":null}},"type":"binary-expr","locations":[{"start":{"line":123,"column":12},"end":{"line":123,"column":null}},{"start":{"line":124,"column":12},"end":{"line":132,"column":null}}],"line":123}},"s":{"0":1,"1":20,"2":20,"3":20,"4":20,"5":5,"6":5,"7":5,"8":0,"9":20,"10":28,"11":28,"12":28,"13":28,"14":28,"15":28,"16":20,"17":5,"18":20,"19":10,"20":1},"f":{"0":20,"1":5,"2":28,"3":5,"4":10,"5":1},"b":{"0":[5,0],"1":[28,0],"2":[28,0],"3":[28,0],"4":[28,0],"5":[28,1,1,1],"6":[20,0],"7":[20,14]},"meta":{"lastBranch":8,"lastFunction":6,"lastStatement":21,"seen":{"s:11:18:143:Infinity":0,"f:11:18:11:24":0,"s:13:15:13:Infinity":1,"s:14:34:14:Infinity":2,"s:15:32:15:Infinity":3,"s:17:24:28:Infinity":4,"f:17:24:17:36":1,"s:18:6:27:Infinity":5,"s:19:20:23:Infinity":6,"s:24:8:24:Infinity":7,"b:24:21:24:39:24:39:24:41":0,"s:26:8:26:Infinity":8,"s:31:24:45:Infinity":9,"f:31:41:31:42":2,"s:32:19:32:Infinity":10,"s:34:24:34:Infinity":11,"b:34:24:34:85:34:85:34:Infinity":1,"s:35:21:35:Infinity":12,"b:35:21:35:85:35:85:35:Infinity":2,"s:36:21:36:Infinity":13,"b:36:21:36:98:36:98:36:Infinity":3,"s:37:19:37:Infinity":14,"b:37:19:37:49:37:49:37:Infinity":4,"s:39:4:43:Infinity":15,"b:40:6:40:Infinity:41:6:41:Infinity:42:6:42:Infinity:43:6:43:Infinity":5,"s:47:2:49:Infinity":16,"f:47:12:47:16":3,"s:48:4:48:Infinity":17,"s:51:2:141:Infinity":18,"b:73:23:73:41:73:41:73:48":6,"f:117:24:117:25":4,"s:117:31:117:Infinity":19,"b:123:12:123:Infinity:124:12:132:Infinity":7,"f:126:23:126:29":5,"s:128:16:128:Infinity":20}}}
,"C:\\Users\\DELL\\Desktop\\Hello\\Demo-project\\frontend\\src\\components\\Pages\\ErrorPage.jsx": {"path":"C:\\Users\\DELL\\Desktop\\Hello\\Demo-project\\frontend\\src\\components\\Pages\\ErrorPage.jsx","statementMap":{"0":{"start":{"line":6,"column":2},"end":{"line":50,"column":null}}},"fnMap":{"0":{"name":"ErrorPage","decl":{"start":{"line":5,"column":24},"end":{"line":5,"column":36}},"loc":{"start":{"line":5,"column":36},"end":{"line":52,"column":null}},"line":5}},"branchMap":{},"s":{"0":5},"f":{"0":5},"b":{},"meta":{"lastBranch":0,"lastFunction":1,"lastStatement":1,"seen":{"f:5:24:5:36":0,"s:6:2:50:Infinity":0}}}
,"C:\\Users\\DELL\\Desktop\\Hello\\Demo-project\\frontend\\src\\components\\Pages\\ForgotPassword.jsx": {"path":"C:\\Users\\DELL\\Desktop\\Hello\\Demo-project\\frontend\\src\\components\\Pages\\ForgotPassword.jsx","statementMap":{"0":{"start":{"line":13,"column":21},"end":{"line":15,"column":null}},"1":{"start":{"line":25,"column":2},"end":{"line":27,"column":null}},"2":{"start":{"line":29,"column":19},"end":{"line":44,"column":null}},"3":{"start":{"line":30,"column":4},"end":{"line":43,"column":null}},"4":{"start":{"line":31,"column":18},"end":{"line":33,"column":null}},"5":{"start":{"line":35,"column":6},"end":{"line":35,"column":null}},"6":{"start":{"line":36,"column":6},"end":{"line":36,"column":null}},"7":{"start":{"line":38,"column":7},"end":{"line":41,"column":null}},"8":{"start":{"line":39,"column":12},"end":{"line":39,"column":null}},"9":{"start":{"line":40,"column":12},"end":{"line":40,"column":null}},"10":{"start":{"line":42,"column":8},"end":{"line":42,"column":null}},"11":{"start":{"line":46,"column":2},"end":{"line":92,"column":null}}},"fnMap":{"0":{"name":"ForgotPassword","decl":{"start":{"line":17,"column":24},"end":{"line":17,"column":41}},"loc":{"start":{"line":17,"column":41},"end":{"line":94,"column":null}},"line":17},"1":{"name":"(anonymous_1)","decl":{"start":{"line":29,"column":19},"end":{"line":29,"column":26}},"loc":{"start":{"line":29,"column":35},"end":{"line":44,"column":null}},"line":29}},"branchMap":{"0":{"loc":{"start":{"line":38,"column":7},"end":{"line":41,"column":null}},"type":"if","locations":[{"start":{"line":38,"column":7},"end":{"line":41,"column":null}},{"start":{},"end":{}}],"line":38},"1":{"loc":{"start":{"line":42,"column":20},"end":{"line":42,"column":109}},"type":"binary-expr","locations":[{"start":{"line":42,"column":20},"end":{"line":42,"column":52}},{"start":{"line":42,"column":52},"end":{"line":42,"column":81}},{"start":{"line":42,"column":81},"end":{"line":42,"column":109}}],"line":42},"2":{"loc":{"start":{"line":73,"column":15},"end":{"line":74,"column":null}},"type":"binary-expr","locations":[{"start":{"line":73,"column":15},"end":{"line":73,"column":null}},{"start":{"line":74,"column":16},"end":{"line":74,"column":null}}],"line":73},"3":{"loc":{"start":{"line":86,"column":15},"end":{"line":86,"column":null}},"type":"cond-expr","locations":[{"start":{"line":86,"column":30},"end":{"line":86,"column":45}},{"start":{"line":86,"column":45},"end":{"line":86,"column":null}}],"line":86},"4":{"loc":{"start":{"line":87,"column":15},"end":{"line":87,"column":null}},"type":"binary-expr","locations":[{"start":{"line":87,"column":15},"end":{"line":87,"column":32}},{"start":{"line":87,"column":32},"end":{"line":87,"column":null}}],"line":87}},"s":{"0":1,"1":14,"2":14,"3":3,"4":3,"5":2,"6":3,"7":1,"8":0,"9":0,"10":1,"11":14},"f":{"0":14,"1":3},"b":{"0":[0,1],"1":[1,1,0],"2":[14,0],"3":[4,10],"4":[14,10]},"meta":{"lastBranch":5,"lastFunction":2,"lastStatement":12,"seen":{"s:13:21:15:Infinity":0,"f:17:24:17:41":0,"s:25:2:27:Infinity":1,"s:29:19:44:Infinity":2,"f:29:19:29:26":1,"s:30:4:43:Infinity":3,"s:31:18:33:Infinity":4,"s:35:6:35:Infinity":5,"s:36:6:36:Infinity":6,"b:38:7:41:Infinity:undefined:undefined:undefined:undefined":0,"s:38:7:41:Infinity":7,"s:39:12:39:Infinity":8,"s:40:12:40:Infinity":9,"s:42:8:42:Infinity":10,"b:42:20:42:52:42:52:42:81:42:81:42:109":1,"s:46:2:92:Infinity":11,"b:73:15:73:Infinity:74:16:74:Infinity":2,"b:86:30:86:45:86:45:86:Infinity":3,"b:87:15:87:32:87:32:87:Infinity":4}}}
,"C:\\Users\\DELL\\Desktop\\Hello\\Demo-project\\frontend\\src\\components\\Pages\\Login.jsx": {"path":"C:\\Users\\DELL\\Desktop\\Hello\\Demo-project\\frontend\\src\\components\\Pages\\Login.jsx","statementMap":{"0":{"start":{"line":18,"column":14},"end":{"line":147,"column":null}},"1":{"start":{"line":20,"column":8},"end":{"line":20,"column":null}},"2":{"start":{"line":22,"column":16},"end":{"line":22,"column":null}},"3":{"start":{"line":23,"column":30},"end":{"line":23,"column":null}},"4":{"start":{"line":25,"column":78},"end":{"line":31,"column":null}},"5":{"start":{"line":33,"column":19},"end":{"line":57,"column":null}},"6":{"start":{"line":34,"column":4},"end":{"line":56,"column":null}},"7":{"start":{"line":35,"column":23},"end":{"line":35,"column":null}},"8":{"start":{"line":36,"column":6},"end":{"line":36,"column":null}},"9":{"start":{"line":37,"column":6},"end":{"line":37,"column":null}},"10":{"start":{"line":38,"column":6},"end":{"line":38,"column":null}},"11":{"start":{"line":39,"column":6},"end":{"line":41,"column":null}},"12":{"start":{"line":40,"column":8},"end":{"line":40,"column":null}},"13":{"start":{"line":45,"column":7},"end":{"line":54,"column":null}},"14":{"start":{"line":46,"column":34},"end":{"line":46,"column":null}},"15":{"start":{"line":47,"column":12},"end":{"line":51,"column":null}},"16":{"start":{"line":48,"column":14},"end":{"line":50,"column":null}},"17":{"start":{"line":49,"column":16},"end":{"line":49,"column":null}},"18":{"start":{"line":53,"column":12},"end":{"line":53,"column":null}},"19":{"start":{"line":55,"column":8},"end":{"line":55,"column":null}},"20":{"start":{"line":59,"column":2},"end":{"line":68,"column":null}},"21":{"start":{"line":60,"column":16},"end":{"line":60,"column":null}},"22":{"start":{"line":61,"column":4},"end":{"line":66,"column":null}},"23":{"start":{"line":62,"column":6},"end":{"line":65,"column":null}},"24":{"start":{"line":63,"column":6},"end":{"line":63,"column":null}},"25":{"start":{"line":64,"column":6},"end":{"line":64,"column":null}},"26":{"start":{"line":70,"column":2},"end":{"line":145,"column":null}},"27":{"start":{"line":109,"column":35},"end":{"line":109,"column":null}}},"fnMap":{"0":{"name":"(anonymous_0)","decl":{"start":{"line":18,"column":14},"end":{"line":18,"column":20}},"loc":{"start":{"line":18,"column":20},"end":{"line":147,"column":null}},"line":18},"1":{"name":"(anonymous_1)","decl":{"start":{"line":33,"column":19},"end":{"line":33,"column":26}},"loc":{"start":{"line":33,"column":35},"end":{"line":57,"column":null}},"line":33},"2":{"name":"(anonymous_2)","decl":{"start":{"line":39,"column":17},"end":{"line":39,"column":21}},"loc":{"start":{"line":39,"column":21},"end":{"line":41,"column":8}},"line":39},"3":{"name":"(anonymous_3)","decl":{"start":{"line":48,"column":49},"end":{"line":48,"column":50}},"loc":{"start":{"line":48,"column":60},"end":{"line":50,"column":15}},"line":48},"4":{"name":"(anonymous_4)","decl":{"start":{"line":59,"column":12},"end":{"line":59,"column":18}},"loc":{"start":{"line":59,"column":18},"end":{"line":68,"column":5}},"line":59},"5":{"name":"(anonymous_5)","decl":{"start":{"line":62,"column":17},"end":{"line":62,"column":23}},"loc":{"start":{"line":62,"column":23},"end":{"line":65,"column":9}},"line":62},"6":{"name":"(anonymous_6)","decl":{"start":{"line":109,"column":29},"end":{"line":109,"column":35}},"loc":{"start":{"line":109,"column":35},"end":{"line":109,"column":null}},"line":109}},"branchMap":{"0":{"loc":{"start":{"line":37,"column":20},"end":{"line":37,"column":76}},"type":"binary-expr","locations":[{"start":{"line":37,"column":20},"end":{"line":37,"column":47}},{"start":{"line":37,"column":47},"end":{"line":37,"column":76}}],"line":37},"1":{"loc":{"start":{"line":45,"column":7},"end":{"line":54,"column":null}},"type":"if","locations":[{"start":{"line":45,"column":7},"end":{"line":54,"column":null}},{"start":{},"end":{}}],"line":45},"2":{"loc":{"start":{"line":47,"column":12},"end":{"line":51,"column":null}},"type":"if","locations":[{"start":{"line":47,"column":12},"end":{"line":51,"column":null}},{"start":{},"end":{}}],"line":47},"3":{"loc":{"start":{"line":55,"column":20},"end":{"line":55,"column":101}},"type":"binary-expr","locations":[{"start":{"line":55,"column":20},"end":{"line":55,"column":52}},{"start":{"line":55,"column":52},"end":{"line":55,"column":81}},{"start":{"line":55,"column":81},"end":{"line":55,"column":101}}],"line":55},"4":{"loc":{"start":{"line":61,"column":4},"end":{"line":66,"column":null}},"type":"if","locations":[{"start":{"line":61,"column":4},"end":{"line":66,"column":null}},{"start":{},"end":{}}],"line":61},"5":{"loc":{"start":{"line":92,"column":15},"end":{"line":93,"column":null}},"type":"binary-expr","locations":[{"start":{"line":92,"column":15},"end":{"line":92,"column":null}},{"start":{"line":93,"column":16},"end":{"line":93,"column":null}}],"line":92},"6":{"loc":{"start":{"line":103,"column":22},"end":{"line":103,"column":null}},"type":"cond-expr","locations":[{"start":{"line":103,"column":33},"end":{"line":103,"column":42}},{"start":{"line":103,"column":42},"end":{"line":103,"column":null}}],"line":103},"7":{"loc":{"start":{"line":111,"column":21},"end":{"line":111,"column":null}},"type":"cond-expr","locations":[{"start":{"line":111,"column":32},"end":{"line":111,"column":55}},{"start":{"line":111,"column":55},"end":{"line":111,"column":null}}],"line":111},"8":{"loc":{"start":{"line":114,"column":15},"end":{"line":115,"column":null}},"type":"binary-expr","locations":[{"start":{"line":114,"column":15},"end":{"line":114,"column":null}},{"start":{"line":115,"column":16},"end":{"line":115,"column":null}}],"line":114},"9":{"loc":{"start":{"line":125,"column":15},"end":{"line":125,"column":null}},"type":"cond-expr","locations":[{"start":{"line":125,"column":29},"end":{"line":125,"column":47}},{"start":{"line":125,"column":47},"end":{"line":125,"column":null}}],"line":125}},"s":{"0":1,"1":10,"2":10,"3":10,"4":10,"5":10,"6":2,"7":2,"8":0,"9":2,"10":2,"11":2,"12":0,"13":1,"14":1,"15":1,"16":1,"17":2,"18":1,"19":0,"20":10,"21":3,"22":3,"23":0,"24":0,"25":0,"26":10,"27":0},"f":{"0":10,"1":2,"2":0,"3":2,"4":3,"5":0,"6":0},"b":{"0":[2,0],"1":[1,0],"2":[1,0],"3":[0,0,0],"4":[0,3],"5":[10,1],"6":[0,10],"7":[0,10],"8":[10,1],"9":[3,7]},"meta":{"lastBranch":10,"lastFunction":7,"lastStatement":28,"seen":{"s:18:14:147:Infinity":0,"f:18:14:18:20":0,"s:20:8:20:Infinity":1,"s:22:16:22:Infinity":2,"s:23:30:23:Infinity":3,"s:25:78:31:Infinity":4,"s:33:19:57:Infinity":5,"f:33:19:33:26":1,"s:34:4:56:Infinity":6,"s:35:23:35:Infinity":7,"s:36:6:36:Infinity":8,"s:37:6:37:Infinity":9,"b:37:20:37:47:37:47:37:76":0,"s:38:6:38:Infinity":10,"s:39:6:41:Infinity":11,"f:39:17:39:21":2,"s:40:8:40:Infinity":12,"b:45:7:54:Infinity:undefined:undefined:undefined:undefined":1,"s:45:7:54:Infinity":13,"s:46:34:46:Infinity":14,"b:47:12:51:Infinity:undefined:undefined:undefined:undefined":2,"s:47:12:51:Infinity":15,"s:48:14:50:Infinity":16,"f:48:49:48:50":3,"s:49:16:49:Infinity":17,"s:53:12:53:Infinity":18,"s:55:8:55:Infinity":19,"b:55:20:55:52:55:52:55:81:55:81:55:101":3,"s:59:2:68:Infinity":20,"f:59:12:59:18":4,"s:60:16:60:Infinity":21,"b:61:4:66:Infinity:undefined:undefined:undefined:undefined":4,"s:61:4:66:Infinity":22,"s:62:6:65:Infinity":23,"f:62:17:62:23":5,"s:63:6:63:Infinity":24,"s:64:6:64:Infinity":25,"s:70:2:145:Infinity":26,"b:92:15:92:Infinity:93:16:93:Infinity":5,"b:103:33:103:42:103:42:103:Infinity":6,"f:109:29:109:35":6,"s:109:35:109:Infinity":27,"b:111:32:111:55:111:55:111:Infinity":7,"b:114:15:114:Infinity:115:16:115:Infinity":8,"b:125:29:125:47:125:47:125:Infinity":9}}}
,"C:\\Users\\DELL\\Desktop\\Hello\\Demo-project\\frontend\\src\\components\\Pages\\MachineNames.jsx": {"path":"C:\\Users\\DELL\\Desktop\\Hello\\Demo-project\\frontend\\src\\components\\Pages\\MachineNames.jsx","statementMap":{"0":{"start":{"line":9,"column":17},"end":{"line":134,"column":null}},"1":{"start":{"line":10,"column":38},"end":{"line":10,"column":null}},"2":{"start":{"line":11,"column":22},"end":{"line":11,"column":null}},"3":{"start":{"line":12,"column":22},"end":{"line":12,"column":null}},"4":{"start":{"line":13,"column":44},"end":{"line":13,"column":null}},"5":{"start":{"line":15,"column":23},"end":{"line":19,"column":null}},"6":{"start":{"line":16,"column":4},"end":{"line":16,"column":null}},"7":{"start":{"line":17,"column":4},"end":{"line":17,"column":null}},"8":{"start":{"line":18,"column":4},"end":{"line":18,"column":null}},"9":{"start":{"line":21,"column":21},"end":{"line":25,"column":null}},"10":{"start":{"line":22,"column":4},"end":{"line":22,"column":null}},"11":{"start":{"line":23,"column":4},"end":{"line":23,"column":null}},"12":{"start":{"line":24,"column":4},"end":{"line":24,"column":null}},"13":{"start":{"line":27,"column":27},"end":{"line":41,"column":null}},"14":{"start":{"line":28,"column":4},"end":{"line":40,"column":null}},"15":{"start":{"line":29,"column":18},"end":{"line":32,"column":null}},"16":{"start":{"line":33,"column":6},"end":{"line":33,"column":null}},"17":{"start":{"line":35,"column":6},"end":{"line":39,"column":null}},"18":{"start":{"line":43,"column":24},"end":{"line":60,"column":null}},"19":{"start":{"line":44,"column":4},"end":{"line":59,"column":null}},"20":{"start":{"line":45,"column":18},"end":{"line":49,"column":null}},"21":{"start":{"line":50,"column":6},"end":{"line":50,"column":null}},"22":{"start":{"line":51,"column":6},"end":{"line":51,"column":null}},"23":{"start":{"line":51,"column":32},"end":{"line":51,"column":61}},"24":{"start":{"line":52,"column":6},"end":{"line":52,"column":null}},"25":{"start":{"line":55,"column":6},"end":{"line":55,"column":null}},"26":{"start":{"line":56,"column":6},"end":{"line":58,"column":null}},"27":{"start":{"line":62,"column":24},"end":{"line":81,"column":null}},"28":{"start":{"line":63,"column":4},"end":{"line":80,"column":null}},"29":{"start":{"line":64,"column":18},"end":{"line":68,"column":null}},"30":{"start":{"line":70,"column":6},"end":{"line":72,"column":null}},"31":{"start":{"line":71,"column":8},"end":{"line":71,"column":null}},"32":{"start":{"line":71,"column":25},"end":{"line":71,"column":69}},"33":{"start":{"line":74,"column":6},"end":{"line":74,"column":null}},"34":{"start":{"line":76,"column":8},"end":{"line":76,"column":null}},"35":{"start":{"line":77,"column":8},"end":{"line":79,"column":null}},"36":{"start":{"line":83,"column":24},"end":{"line":99,"column":null}},"37":{"start":{"line":84,"column":4},"end":{"line":98,"column":null}},"38":{"start":{"line":85,"column":18},"end":{"line":88,"column":null}},"39":{"start":{"line":89,"column":6},"end":{"line":89,"column":null}},"40":{"start":{"line":89,"column":32},"end":{"line":89,"column":72}},"41":{"start":{"line":89,"column":51},"end":{"line":89,"column":71}},"42":{"start":{"line":91,"column":6},"end":{"line":91,"column":null}},"43":{"start":{"line":93,"column":6},"end":{"line":97,"column":null}},"44":{"start":{"line":101,"column":2},"end":{"line":103,"column":null}},"45":{"start":{"line":102,"column":4},"end":{"line":102,"column":null}},"46":{"start":{"line":105,"column":2},"end":{"line":132,"column":null}}},"fnMap":{"0":{"name":"(anonymous_0)","decl":{"start":{"line":9,"column":17},"end":{"line":9,"column":23}},"loc":{"start":{"line":9,"column":23},"end":{"line":134,"column":null}},"line":9},"1":{"name":"(anonymous_1)","decl":{"start":{"line":15,"column":23},"end":{"line":15,"column":29}},"loc":{"start":{"line":15,"column":29},"end":{"line":19,"column":null}},"line":15},"2":{"name":"(anonymous_2)","decl":{"start":{"line":21,"column":21},"end":{"line":21,"column":22}},"loc":{"start":{"line":21,"column":34},"end":{"line":25,"column":null}},"line":21},"3":{"name":"(anonymous_3)","decl":{"start":{"line":27,"column":27},"end":{"line":27,"column":39}},"loc":{"start":{"line":27,"column":39},"end":{"line":41,"column":null}},"line":27},"4":{"name":"(anonymous_4)","decl":{"start":{"line":43,"column":24},"end":{"line":43,"column":31}},"loc":{"start":{"line":43,"column":47},"end":{"line":60,"column":null}},"line":43},"5":{"name":"(anonymous_5)","decl":{"start":{"line":51,"column":22},"end":{"line":51,"column":23}},"loc":{"start":{"line":51,"column":32},"end":{"line":51,"column":61}},"line":51},"6":{"name":"(anonymous_6)","decl":{"start":{"line":62,"column":24},"end":{"line":62,"column":31}},"loc":{"start":{"line":62,"column":51},"end":{"line":81,"column":null}},"line":62},"7":{"name":"(anonymous_7)","decl":{"start":{"line":70,"column":22},"end":{"line":70,"column":23}},"loc":{"start":{"line":71,"column":8},"end":{"line":71,"column":null}},"line":71},"8":{"name":"(anonymous_8)","decl":{"start":{"line":71,"column":17},"end":{"line":71,"column":18}},"loc":{"start":{"line":71,"column":25},"end":{"line":71,"column":69}},"line":71},"9":{"name":"(anonymous_9)","decl":{"start":{"line":83,"column":24},"end":{"line":83,"column":30}},"loc":{"start":{"line":83,"column":35},"end":{"line":99,"column":null}},"line":83},"10":{"name":"(anonymous_10)","decl":{"start":{"line":89,"column":22},"end":{"line":89,"column":23}},"loc":{"start":{"line":89,"column":32},"end":{"line":89,"column":72}},"line":89},"11":{"name":"(anonymous_11)","decl":{"start":{"line":89,"column":44},"end":{"line":89,"column":45}},"loc":{"start":{"line":89,"column":51},"end":{"line":89,"column":71}},"line":89},"12":{"name":"(anonymous_12)","decl":{"start":{"line":101,"column":12},"end":{"line":101,"column":18}},"loc":{"start":{"line":101,"column":18},"end":{"line":103,"column":5}},"line":101}},"branchMap":{"0":{"loc":{"start":{"line":36,"column":8},"end":{"line":38,"column":null}},"type":"binary-expr","locations":[{"start":{"line":36,"column":8},"end":{"line":36,"column":null}},{"start":{"line":37,"column":10},"end":{"line":37,"column":null}},{"start":{"line":38,"column":10},"end":{"line":38,"column":null}}],"line":36},"1":{"loc":{"start":{"line":52,"column":20},"end":{"line":52,"column":73}},"type":"binary-expr","locations":[{"start":{"line":52,"column":20},"end":{"line":52,"column":42}},{"start":{"line":52,"column":42},"end":{"line":52,"column":73}}],"line":52},"2":{"loc":{"start":{"line":57,"column":8},"end":{"line":57,"column":null}},"type":"binary-expr","locations":[{"start":{"line":57,"column":8},"end":{"line":57,"column":40}},{"start":{"line":57,"column":40},"end":{"line":57,"column":84}},{"start":{"line":57,"column":84},"end":{"line":57,"column":113}},{"start":{"line":57,"column":113},"end":{"line":57,"column":null}}],"line":57},"3":{"loc":{"start":{"line":71,"column":25},"end":{"line":71,"column":69}},"type":"cond-expr","locations":[{"start":{"line":71,"column":48},"end":{"line":71,"column":67}},{"start":{"line":71,"column":67},"end":{"line":71,"column":69}}],"line":71},"4":{"loc":{"start":{"line":78,"column":10},"end":{"line":78,"column":null}},"type":"binary-expr","locations":[{"start":{"line":78,"column":10},"end":{"line":78,"column":42}},{"start":{"line":78,"column":42},"end":{"line":78,"column":86}},{"start":{"line":78,"column":86},"end":{"line":78,"column":115}},{"start":{"line":78,"column":115},"end":{"line":78,"column":null}}],"line":78},"5":{"loc":{"start":{"line":91,"column":20},"end":{"line":91,"column":73}},"type":"binary-expr","locations":[{"start":{"line":91,"column":20},"end":{"line":91,"column":42}},{"start":{"line":91,"column":42},"end":{"line":91,"column":73}}],"line":91},"6":{"loc":{"start":{"line":94,"column":8},"end":{"line":96,"column":null}},"type":"binary-expr","locations":[{"start":{"line":94,"column":8},"end":{"line":94,"column":null}},{"start":{"line":95,"column":10},"end":{"line":95,"column":null}},{"start":{"line":96,"column":10},"end":{"line":96,"column":null}}],"line":94},"7":{"loc":{"start":{"line":128,"column":20},"end":{"line":128,"column":null}},"type":"cond-expr","locations":[{"start":{"line":128,"column":40},"end":{"line":128,"column":56}},{"start":{"line":128,"column":56},"end":{"line":128,"column":null}}],"line":128}},"s":{"0":1,"1":22,"2":22,"3":22,"4":22,"5":22,"6":4,"7":4,"8":4,"9":22,"10":0,"11":0,"12":0,"13":22,"14":8,"15":8,"16":7,"17":1,"18":22,"19":3,"20":3,"21":2,"22":3,"23":2,"24":3,"25":1,"26":1,"27":22,"28":0,"29":0,"30":0,"31":0,"32":0,"33":0,"34":0,"35":0,"36":22,"37":1,"38":1,"39":1,"40":1,"41":2,"42":1,"43":0,"44":22,"45":8,"46":22},"f":{"0":22,"1":4,"2":0,"3":8,"4":3,"5":2,"6":0,"7":0,"8":0,"9":1,"10":1,"11":2,"12":8},"b":{"0":[1,0,0],"1":[3,1],"2":[1,1,0,0],"3":[0,0],"4":[0,0,0,0],"5":[1,0],"6":[0,0,0],"7":[22,0]},"meta":{"lastBranch":8,"lastFunction":13,"lastStatement":47,"seen":{"s:9:17:134:Infinity":0,"f:9:17:9:23":0,"s:10:38:10:Infinity":1,"s:11:22:11:Infinity":2,"s:12:22:12:Infinity":3,"s:13:44:13:Infinity":4,"s:15:23:19:Infinity":5,"f:15:23:15:29":1,"s:16:4:16:Infinity":6,"s:17:4:17:Infinity":7,"s:18:4:18:Infinity":8,"s:21:21:25:Infinity":9,"f:21:21:21:22":2,"s:22:4:22:Infinity":10,"s:23:4:23:Infinity":11,"s:24:4:24:Infinity":12,"s:27:27:41:Infinity":13,"f:27:27:27:39":3,"s:28:4:40:Infinity":14,"s:29:18:32:Infinity":15,"s:33:6:33:Infinity":16,"s:35:6:39:Infinity":17,"b:36:8:36:Infinity:37:10:37:Infinity:38:10:38:Infinity":0,"s:43:24:60:Infinity":18,"f:43:24:43:31":4,"s:44:4:59:Infinity":19,"s:45:18:49:Infinity":20,"s:50:6:50:Infinity":21,"s:51:6:51:Infinity":22,"f:51:22:51:23":5,"s:51:32:51:61":23,"s:52:6:52:Infinity":24,"b:52:20:52:42:52:42:52:73":1,"s:55:6:55:Infinity":25,"s:56:6:58:Infinity":26,"b:57:8:57:40:57:40:57:84:57:84:57:113:57:113:57:Infinity":2,"s:62:24:81:Infinity":27,"f:62:24:62:31":6,"s:63:4:80:Infinity":28,"s:64:18:68:Infinity":29,"s:70:6:72:Infinity":30,"f:70:22:70:23":7,"s:71:8:71:Infinity":31,"f:71:17:71:18":8,"s:71:25:71:69":32,"b:71:48:71:67:71:67:71:69":3,"s:74:6:74:Infinity":33,"s:76:8:76:Infinity":34,"s:77:8:79:Infinity":35,"b:78:10:78:42:78:42:78:86:78:86:78:115:78:115:78:Infinity":4,"s:83:24:99:Infinity":36,"f:83:24:83:30":9,"s:84:4:98:Infinity":37,"s:85:18:88:Infinity":38,"s:89:6:89:Infinity":39,"f:89:22:89:23":10,"s:89:32:89:72":40,"f:89:44:89:45":11,"s:89:51:89:71":41,"s:91:6:91:Infinity":42,"b:91:20:91:42:91:42:91:73":5,"s:93:6:97:Infinity":43,"b:94:8:94:Infinity:95:10:95:Infinity:96:10:96:Infinity":6,"s:101:2:103:Infinity":44,"f:101:12:101:18":12,"s:102:4:102:Infinity":45,"s:105:2:132:Infinity":46,"b:128:40:128:56:128:56:128:Infinity":7}}}
,"C:\\Users\\DELL\\Desktop\\Hello\\Demo-project\\frontend\\src\\components\\Pages\\PartNames.jsx": {"path":"C:\\Users\\DELL\\Desktop\\Hello\\Demo-project\\frontend\\src\\components\\Pages\\PartNames.jsx","statementMap":{"0":{"start":{"line":9,"column":14},"end":{"line":134,"column":null}},"1":{"start":{"line":10,"column":32},"end":{"line":10,"column":null}},"2":{"start":{"line":11,"column":22},"end":{"line":11,"column":null}},"3":{"start":{"line":12,"column":22},"end":{"line":12,"column":null}},"4":{"start":{"line":13,"column":38},"end":{"line":13,"column":null}},"5":{"start":{"line":15,"column":23},"end":{"line":19,"column":null}},"6":{"start":{"line":16,"column":4},"end":{"line":16,"column":null}},"7":{"start":{"line":17,"column":4},"end":{"line":17,"column":null}},"8":{"start":{"line":18,"column":4},"end":{"line":18,"column":null}},"9":{"start":{"line":21,"column":21},"end":{"line":25,"column":null}},"10":{"start":{"line":22,"column":4},"end":{"line":22,"column":null}},"11":{"start":{"line":23,"column":4},"end":{"line":23,"column":null}},"12":{"start":{"line":24,"column":4},"end":{"line":24,"column":null}},"13":{"start":{"line":27,"column":24},"end":{"line":41,"column":null}},"14":{"start":{"line":28,"column":4},"end":{"line":40,"column":null}},"15":{"start":{"line":29,"column":18},"end":{"line":32,"column":null}},"16":{"start":{"line":33,"column":6},"end":{"line":33,"column":null}},"17":{"start":{"line":35,"column":6},"end":{"line":39,"column":null}},"18":{"start":{"line":43,"column":21},"end":{"line":60,"column":null}},"19":{"start":{"line":44,"column":4},"end":{"line":59,"column":null}},"20":{"start":{"line":45,"column":18},"end":{"line":49,"column":null}},"21":{"start":{"line":50,"column":6},"end":{"line":50,"column":null}},"22":{"start":{"line":51,"column":6},"end":{"line":51,"column":null}},"23":{"start":{"line":51,"column":29},"end":{"line":51,"column":55}},"24":{"start":{"line":52,"column":6},"end":{"line":52,"column":null}},"25":{"start":{"line":55,"column":6},"end":{"line":55,"column":null}},"26":{"start":{"line":56,"column":6},"end":{"line":58,"column":null}},"27":{"start":{"line":62,"column":21},"end":{"line":81,"column":null}},"28":{"start":{"line":63,"column":4},"end":{"line":80,"column":null}},"29":{"start":{"line":64,"column":18},"end":{"line":68,"column":null}},"30":{"start":{"line":70,"column":6},"end":{"line":72,"column":null}},"31":{"start":{"line":71,"column":8},"end":{"line":71,"column":null}},"32":{"start":{"line":71,"column":25},"end":{"line":71,"column":63}},"33":{"start":{"line":74,"column":6},"end":{"line":74,"column":null}},"34":{"start":{"line":76,"column":8},"end":{"line":76,"column":null}},"35":{"start":{"line":77,"column":8},"end":{"line":79,"column":null}},"36":{"start":{"line":83,"column":21},"end":{"line":99,"column":null}},"37":{"start":{"line":84,"column":4},"end":{"line":98,"column":null}},"38":{"start":{"line":85,"column":18},"end":{"line":88,"column":null}},"39":{"start":{"line":89,"column":6},"end":{"line":89,"column":null}},"40":{"start":{"line":89,"column":29},"end":{"line":89,"column":66}},"41":{"start":{"line":89,"column":48},"end":{"line":89,"column":65}},"42":{"start":{"line":91,"column":6},"end":{"line":91,"column":null}},"43":{"start":{"line":93,"column":6},"end":{"line":97,"column":null}},"44":{"start":{"line":101,"column":2},"end":{"line":103,"column":null}},"45":{"start":{"line":102,"column":4},"end":{"line":102,"column":null}},"46":{"start":{"line":105,"column":2},"end":{"line":132,"column":null}}},"fnMap":{"0":{"name":"(anonymous_0)","decl":{"start":{"line":9,"column":14},"end":{"line":9,"column":20}},"loc":{"start":{"line":9,"column":20},"end":{"line":134,"column":null}},"line":9},"1":{"name":"(anonymous_1)","decl":{"start":{"line":15,"column":23},"end":{"line":15,"column":29}},"loc":{"start":{"line":15,"column":29},"end":{"line":19,"column":null}},"line":15},"2":{"name":"(anonymous_2)","decl":{"start":{"line":21,"column":21},"end":{"line":21,"column":22}},"loc":{"start":{"line":21,"column":31},"end":{"line":25,"column":null}},"line":21},"3":{"name":"(anonymous_3)","decl":{"start":{"line":27,"column":24},"end":{"line":27,"column":36}},"loc":{"start":{"line":27,"column":36},"end":{"line":41,"column":null}},"line":27},"4":{"name":"(anonymous_4)","decl":{"start":{"line":43,"column":21},"end":{"line":43,"column":28}},"loc":{"start":{"line":43,"column":41},"end":{"line":60,"column":null}},"line":43},"5":{"name":"(anonymous_5)","decl":{"start":{"line":51,"column":19},"end":{"line":51,"column":20}},"loc":{"start":{"line":51,"column":29},"end":{"line":51,"column":55}},"line":51},"6":{"name":"(anonymous_6)","decl":{"start":{"line":62,"column":21},"end":{"line":62,"column":28}},"loc":{"start":{"line":62,"column":45},"end":{"line":81,"column":null}},"line":62},"7":{"name":"(anonymous_7)","decl":{"start":{"line":70,"column":19},"end":{"line":70,"column":20}},"loc":{"start":{"line":71,"column":8},"end":{"line":71,"column":null}},"line":71},"8":{"name":"(anonymous_8)","decl":{"start":{"line":71,"column":17},"end":{"line":71,"column":18}},"loc":{"start":{"line":71,"column":25},"end":{"line":71,"column":63}},"line":71},"9":{"name":"(anonymous_9)","decl":{"start":{"line":83,"column":21},"end":{"line":83,"column":27}},"loc":{"start":{"line":83,"column":32},"end":{"line":99,"column":null}},"line":83},"10":{"name":"(anonymous_10)","decl":{"start":{"line":89,"column":19},"end":{"line":89,"column":20}},"loc":{"start":{"line":89,"column":29},"end":{"line":89,"column":66}},"line":89},"11":{"name":"(anonymous_11)","decl":{"start":{"line":89,"column":41},"end":{"line":89,"column":42}},"loc":{"start":{"line":89,"column":48},"end":{"line":89,"column":65}},"line":89},"12":{"name":"(anonymous_12)","decl":{"start":{"line":101,"column":12},"end":{"line":101,"column":18}},"loc":{"start":{"line":101,"column":18},"end":{"line":103,"column":5}},"line":101}},"branchMap":{"0":{"loc":{"start":{"line":36,"column":8},"end":{"line":38,"column":null}},"type":"binary-expr","locations":[{"start":{"line":36,"column":8},"end":{"line":36,"column":null}},{"start":{"line":37,"column":10},"end":{"line":37,"column":null}},{"start":{"line":38,"column":10},"end":{"line":38,"column":null}}],"line":36},"1":{"loc":{"start":{"line":52,"column":20},"end":{"line":52,"column":70}},"type":"binary-expr","locations":[{"start":{"line":52,"column":20},"end":{"line":52,"column":42}},{"start":{"line":52,"column":42},"end":{"line":52,"column":70}}],"line":52},"2":{"loc":{"start":{"line":57,"column":8},"end":{"line":57,"column":null}},"type":"binary-expr","locations":[{"start":{"line":57,"column":8},"end":{"line":57,"column":40}},{"start":{"line":57,"column":40},"end":{"line":57,"column":81}},{"start":{"line":57,"column":81},"end":{"line":57,"column":110}},{"start":{"line":57,"column":110},"end":{"line":57,"column":null}}],"line":57},"3":{"loc":{"start":{"line":71,"column":25},"end":{"line":71,"column":63}},"type":"cond-expr","locations":[{"start":{"line":71,"column":45},"end":{"line":71,"column":61}},{"start":{"line":71,"column":61},"end":{"line":71,"column":63}}],"line":71},"4":{"loc":{"start":{"line":78,"column":10},"end":{"line":78,"column":null}},"type":"binary-expr","locations":[{"start":{"line":78,"column":10},"end":{"line":78,"column":42}},{"start":{"line":78,"column":42},"end":{"line":78,"column":83}},{"start":{"line":78,"column":83},"end":{"line":78,"column":112}},{"start":{"line":78,"column":112},"end":{"line":78,"column":null}}],"line":78},"5":{"loc":{"start":{"line":91,"column":20},"end":{"line":91,"column":70}},"type":"binary-expr","locations":[{"start":{"line":91,"column":20},"end":{"line":91,"column":42}},{"start":{"line":91,"column":42},"end":{"line":91,"column":70}}],"line":91},"6":{"loc":{"start":{"line":94,"column":8},"end":{"line":96,"column":null}},"type":"binary-expr","locations":[{"start":{"line":94,"column":8},"end":{"line":94,"column":null}},{"start":{"line":95,"column":10},"end":{"line":95,"column":null}},{"start":{"line":96,"column":10},"end":{"line":96,"column":null}}],"line":94},"7":{"loc":{"start":{"line":128,"column":20},"end":{"line":128,"column":null}},"type":"cond-expr","locations":[{"start":{"line":128,"column":40},"end":{"line":128,"column":53}},{"start":{"line":128,"column":53},"end":{"line":128,"column":null}}],"line":128}},"s":{"0":1,"1":22,"2":22,"3":22,"4":22,"5":22,"6":4,"7":4,"8":4,"9":22,"10":0,"11":0,"12":0,"13":22,"14":8,"15":8,"16":7,"17":1,"18":22,"19":3,"20":3,"21":2,"22":3,"23":2,"24":3,"25":1,"26":1,"27":22,"28":0,"29":0,"30":0,"31":0,"32":0,"33":0,"34":0,"35":0,"36":22,"37":1,"38":1,"39":1,"40":1,"41":2,"42":1,"43":0,"44":22,"45":8,"46":22},"f":{"0":22,"1":4,"2":0,"3":8,"4":3,"5":2,"6":0,"7":0,"8":0,"9":1,"10":1,"11":2,"12":8},"b":{"0":[1,0,0],"1":[3,1],"2":[1,1,0,0],"3":[0,0],"4":[0,0,0,0],"5":[1,0],"6":[0,0,0],"7":[22,0]},"meta":{"lastBranch":8,"lastFunction":13,"lastStatement":47,"seen":{"s:9:14:134:Infinity":0,"f:9:14:9:20":0,"s:10:32:10:Infinity":1,"s:11:22:11:Infinity":2,"s:12:22:12:Infinity":3,"s:13:38:13:Infinity":4,"s:15:23:19:Infinity":5,"f:15:23:15:29":1,"s:16:4:16:Infinity":6,"s:17:4:17:Infinity":7,"s:18:4:18:Infinity":8,"s:21:21:25:Infinity":9,"f:21:21:21:22":2,"s:22:4:22:Infinity":10,"s:23:4:23:Infinity":11,"s:24:4:24:Infinity":12,"s:27:24:41:Infinity":13,"f:27:24:27:36":3,"s:28:4:40:Infinity":14,"s:29:18:32:Infinity":15,"s:33:6:33:Infinity":16,"s:35:6:39:Infinity":17,"b:36:8:36:Infinity:37:10:37:Infinity:38:10:38:Infinity":0,"s:43:21:60:Infinity":18,"f:43:21:43:28":4,"s:44:4:59:Infinity":19,"s:45:18:49:Infinity":20,"s:50:6:50:Infinity":21,"s:51:6:51:Infinity":22,"f:51:19:51:20":5,"s:51:29:51:55":23,"s:52:6:52:Infinity":24,"b:52:20:52:42:52:42:52:70":1,"s:55:6:55:Infinity":25,"s:56:6:58:Infinity":26,"b:57:8:57:40:57:40:57:81:57:81:57:110:57:110:57:Infinity":2,"s:62:21:81:Infinity":27,"f:62:21:62:28":6,"s:63:4:80:Infinity":28,"s:64:18:68:Infinity":29,"s:70:6:72:Infinity":30,"f:70:19:70:20":7,"s:71:8:71:Infinity":31,"f:71:17:71:18":8,"s:71:25:71:63":32,"b:71:45:71:61:71:61:71:63":3,"s:74:6:74:Infinity":33,"s:76:8:76:Infinity":34,"s:77:8:79:Infinity":35,"b:78:10:78:42:78:42:78:83:78:83:78:112:78:112:78:Infinity":4,"s:83:21:99:Infinity":36,"f:83:21:83:27":9,"s:84:4:98:Infinity":37,"s:85:18:88:Infinity":38,"s:89:6:89:Infinity":39,"f:89:19:89:20":10,"s:89:29:89:66":40,"f:89:41:89:42":11,"s:89:48:89:65":41,"s:91:6:91:Infinity":42,"b:91:20:91:42:91:42:91:70":5,"s:93:6:97:Infinity":43,"b:94:8:94:Infinity:95:10:95:Infinity:96:10:96:Infinity":6,"s:101:2:103:Infinity":44,"f:101:12:101:18":12,"s:102:4:102:Infinity":45,"s:105:2:132:Infinity":46,"b:128:40:128:53:128:53:128:Infinity":7}}}
,"C:\\Users\\DELL\\Desktop\\Hello\\Demo-project\\frontend\\src\\components\\Pages\\ProcessNames.jsx": {"path":"C:\\Users\\DELL\\Desktop\\Hello\\Demo-project\\frontend\\src\\components\\Pages\\ProcessNames.jsx","statementMap":{"0":{"start":{"line":9,"column":18},"end":{"line":134,"column":null}},"1":{"start":{"line":10,"column":40},"end":{"line":10,"column":null}},"2":{"start":{"line":11,"column":22},"end":{"line":11,"column":null}},"3":{"start":{"line":12,"column":22},"end":{"line":12,"column":null}},"4":{"start":{"line":13,"column":44},"end":{"line":13,"column":null}},"5":{"start":{"line":15,"column":23},"end":{"line":19,"column":null}},"6":{"start":{"line":16,"column":4},"end":{"line":16,"column":null}},"7":{"start":{"line":17,"column":4},"end":{"line":17,"column":null}},"8":{"start":{"line":18,"column":4},"end":{"line":18,"column":null}},"9":{"start":{"line":21,"column":21},"end":{"line":25,"column":null}},"10":{"start":{"line":22,"column":4},"end":{"line":22,"column":null}},"11":{"start":{"line":23,"column":4},"end":{"line":23,"column":null}},"12":{"start":{"line":24,"column":4},"end":{"line":24,"column":null}},"13":{"start":{"line":27,"column":28},"end":{"line":41,"column":null}},"14":{"start":{"line":28,"column":4},"end":{"line":40,"column":null}},"15":{"start":{"line":29,"column":18},"end":{"line":32,"column":null}},"16":{"start":{"line":33,"column":6},"end":{"line":33,"column":null}},"17":{"start":{"line":35,"column":6},"end":{"line":39,"column":null}},"18":{"start":{"line":43,"column":24},"end":{"line":60,"column":null}},"19":{"start":{"line":44,"column":4},"end":{"line":59,"column":null}},"20":{"start":{"line":45,"column":18},"end":{"line":49,"column":null}},"21":{"start":{"line":50,"column":6},"end":{"line":50,"column":null}},"22":{"start":{"line":51,"column":6},"end":{"line":51,"column":null}},"23":{"start":{"line":51,"column":33},"end":{"line":51,"column":62}},"24":{"start":{"line":52,"column":6},"end":{"line":52,"column":null}},"25":{"start":{"line":55,"column":6},"end":{"line":55,"column":null}},"26":{"start":{"line":56,"column":6},"end":{"line":58,"column":null}},"27":{"start":{"line":62,"column":24},"end":{"line":81,"column":null}},"28":{"start":{"line":63,"column":4},"end":{"line":80,"column":null}},"29":{"start":{"line":64,"column":18},"end":{"line":68,"column":null}},"30":{"start":{"line":70,"column":6},"end":{"line":72,"column":null}},"31":{"start":{"line":71,"column":8},"end":{"line":71,"column":null}},"32":{"start":{"line":71,"column":25},"end":{"line":71,"column":69}},"33":{"start":{"line":74,"column":6},"end":{"line":74,"column":null}},"34":{"start":{"line":76,"column":8},"end":{"line":76,"column":null}},"35":{"start":{"line":77,"column":8},"end":{"line":79,"column":null}},"36":{"start":{"line":83,"column":24},"end":{"line":99,"column":null}},"37":{"start":{"line":84,"column":4},"end":{"line":98,"column":null}},"38":{"start":{"line":85,"column":18},"end":{"line":88,"column":null}},"39":{"start":{"line":89,"column":6},"end":{"line":89,"column":null}},"40":{"start":{"line":89,"column":33},"end":{"line":89,"column":73}},"41":{"start":{"line":89,"column":52},"end":{"line":89,"column":72}},"42":{"start":{"line":91,"column":6},"end":{"line":91,"column":null}},"43":{"start":{"line":93,"column":6},"end":{"line":97,"column":null}},"44":{"start":{"line":101,"column":2},"end":{"line":103,"column":null}},"45":{"start":{"line":102,"column":4},"end":{"line":102,"column":null}},"46":{"start":{"line":105,"column":2},"end":{"line":132,"column":null}}},"fnMap":{"0":{"name":"(anonymous_0)","decl":{"start":{"line":9,"column":18},"end":{"line":9,"column":24}},"loc":{"start":{"line":9,"column":24},"end":{"line":134,"column":null}},"line":9},"1":{"name":"(anonymous_1)","decl":{"start":{"line":15,"column":23},"end":{"line":15,"column":29}},"loc":{"start":{"line":15,"column":29},"end":{"line":19,"column":null}},"line":15},"2":{"name":"(anonymous_2)","decl":{"start":{"line":21,"column":21},"end":{"line":21,"column":22}},"loc":{"start":{"line":21,"column":34},"end":{"line":25,"column":null}},"line":21},"3":{"name":"(anonymous_3)","decl":{"start":{"line":27,"column":28},"end":{"line":27,"column":40}},"loc":{"start":{"line":27,"column":40},"end":{"line":41,"column":null}},"line":27},"4":{"name":"(anonymous_4)","decl":{"start":{"line":43,"column":24},"end":{"line":43,"column":31}},"loc":{"start":{"line":43,"column":47},"end":{"line":60,"column":null}},"line":43},"5":{"name":"(anonymous_5)","decl":{"start":{"line":51,"column":23},"end":{"line":51,"column":24}},"loc":{"start":{"line":51,"column":33},"end":{"line":51,"column":62}},"line":51},"6":{"name":"(anonymous_6)","decl":{"start":{"line":62,"column":24},"end":{"line":62,"column":31}},"loc":{"start":{"line":62,"column":51},"end":{"line":81,"column":null}},"line":62},"7":{"name":"(anonymous_7)","decl":{"start":{"line":70,"column":23},"end":{"line":70,"column":24}},"loc":{"start":{"line":71,"column":8},"end":{"line":71,"column":null}},"line":71},"8":{"name":"(anonymous_8)","decl":{"start":{"line":71,"column":17},"end":{"line":71,"column":18}},"loc":{"start":{"line":71,"column":25},"end":{"line":71,"column":69}},"line":71},"9":{"name":"(anonymous_9)","decl":{"start":{"line":83,"column":24},"end":{"line":83,"column":30}},"loc":{"start":{"line":83,"column":35},"end":{"line":99,"column":null}},"line":83},"10":{"name":"(anonymous_10)","decl":{"start":{"line":89,"column":23},"end":{"line":89,"column":24}},"loc":{"start":{"line":89,"column":33},"end":{"line":89,"column":73}},"line":89},"11":{"name":"(anonymous_11)","decl":{"start":{"line":89,"column":45},"end":{"line":89,"column":46}},"loc":{"start":{"line":89,"column":52},"end":{"line":89,"column":72}},"line":89},"12":{"name":"(anonymous_12)","decl":{"start":{"line":101,"column":12},"end":{"line":101,"column":18}},"loc":{"start":{"line":101,"column":18},"end":{"line":103,"column":5}},"line":101}},"branchMap":{"0":{"loc":{"start":{"line":36,"column":8},"end":{"line":38,"column":null}},"type":"binary-expr","locations":[{"start":{"line":36,"column":8},"end":{"line":36,"column":null}},{"start":{"line":37,"column":10},"end":{"line":37,"column":null}},{"start":{"line":38,"column":10},"end":{"line":38,"column":null}}],"line":36},"1":{"loc":{"start":{"line":52,"column":20},"end":{"line":52,"column":73}},"type":"binary-expr","locations":[{"start":{"line":52,"column":20},"end":{"line":52,"column":42}},{"start":{"line":52,"column":42},"end":{"line":52,"column":73}}],"line":52},"2":{"loc":{"start":{"line":57,"column":8},"end":{"line":57,"column":null}},"type":"binary-expr","locations":[{"start":{"line":57,"column":8},"end":{"line":57,"column":40}},{"start":{"line":57,"column":40},"end":{"line":57,"column":84}},{"start":{"line":57,"column":84},"end":{"line":57,"column":113}},{"start":{"line":57,"column":113},"end":{"line":57,"column":null}}],"line":57},"3":{"loc":{"start":{"line":71,"column":25},"end":{"line":71,"column":69}},"type":"cond-expr","locations":[{"start":{"line":71,"column":48},"end":{"line":71,"column":67}},{"start":{"line":71,"column":67},"end":{"line":71,"column":69}}],"line":71},"4":{"loc":{"start":{"line":78,"column":10},"end":{"line":78,"column":null}},"type":"binary-expr","locations":[{"start":{"line":78,"column":10},"end":{"line":78,"column":42}},{"start":{"line":78,"column":42},"end":{"line":78,"column":86}},{"start":{"line":78,"column":86},"end":{"line":78,"column":115}},{"start":{"line":78,"column":115},"end":{"line":78,"column":null}}],"line":78},"5":{"loc":{"start":{"line":91,"column":20},"end":{"line":91,"column":73}},"type":"binary-expr","locations":[{"start":{"line":91,"column":20},"end":{"line":91,"column":42}},{"start":{"line":91,"column":42},"end":{"line":91,"column":73}}],"line":91},"6":{"loc":{"start":{"line":94,"column":8},"end":{"line":96,"column":null}},"type":"binary-expr","locations":[{"start":{"line":94,"column":8},"end":{"line":94,"column":null}},{"start":{"line":95,"column":10},"end":{"line":95,"column":null}},{"start":{"line":96,"column":10},"end":{"line":96,"column":null}}],"line":94},"7":{"loc":{"start":{"line":128,"column":20},"end":{"line":128,"column":null}},"type":"cond-expr","locations":[{"start":{"line":128,"column":40},"end":{"line":128,"column":56}},{"start":{"line":128,"column":56},"end":{"line":128,"column":null}}],"line":128}},"s":{"0":1,"1":22,"2":22,"3":22,"4":22,"5":22,"6":4,"7":4,"8":4,"9":22,"10":0,"11":0,"12":0,"13":22,"14":8,"15":8,"16":7,"17":1,"18":22,"19":3,"20":3,"21":2,"22":3,"23":2,"24":3,"25":1,"26":1,"27":22,"28":0,"29":0,"30":0,"31":0,"32":0,"33":0,"34":0,"35":0,"36":22,"37":1,"38":1,"39":1,"40":1,"41":2,"42":1,"43":0,"44":22,"45":8,"46":22},"f":{"0":22,"1":4,"2":0,"3":8,"4":3,"5":2,"6":0,"7":0,"8":0,"9":1,"10":1,"11":2,"12":8},"b":{"0":[1,0,0],"1":[3,1],"2":[1,1,0,0],"3":[0,0],"4":[0,0,0,0],"5":[1,0],"6":[0,0,0],"7":[22,0]},"meta":{"lastBranch":8,"lastFunction":13,"lastStatement":47,"seen":{"s:9:18:134:Infinity":0,"f:9:18:9:24":0,"s:10:40:10:Infinity":1,"s:11:22:11:Infinity":2,"s:12:22:12:Infinity":3,"s:13:44:13:Infinity":4,"s:15:23:19:Infinity":5,"f:15:23:15:29":1,"s:16:4:16:Infinity":6,"s:17:4:17:Infinity":7,"s:18:4:18:Infinity":8,"s:21:21:25:Infinity":9,"f:21:21:21:22":2,"s:22:4:22:Infinity":10,"s:23:4:23:Infinity":11,"s:24:4:24:Infinity":12,"s:27:28:41:Infinity":13,"f:27:28:27:40":3,"s:28:4:40:Infinity":14,"s:29:18:32:Infinity":15,"s:33:6:33:Infinity":16,"s:35:6:39:Infinity":17,"b:36:8:36:Infinity:37:10:37:Infinity:38:10:38:Infinity":0,"s:43:24:60:Infinity":18,"f:43:24:43:31":4,"s:44:4:59:Infinity":19,"s:45:18:49:Infinity":20,"s:50:6:50:Infinity":21,"s:51:6:51:Infinity":22,"f:51:23:51:24":5,"s:51:33:51:62":23,"s:52:6:52:Infinity":24,"b:52:20:52:42:52:42:52:73":1,"s:55:6:55:Infinity":25,"s:56:6:58:Infinity":26,"b:57:8:57:40:57:40:57:84:57:84:57:113:57:113:57:Infinity":2,"s:62:24:81:Infinity":27,"f:62:24:62:31":6,"s:63:4:80:Infinity":28,"s:64:18:68:Infinity":29,"s:70:6:72:Infinity":30,"f:70:23:70:24":7,"s:71:8:71:Infinity":31,"f:71:17:71:18":8,"s:71:25:71:69":32,"b:71:48:71:67:71:67:71:69":3,"s:74:6:74:Infinity":33,"s:76:8:76:Infinity":34,"s:77:8:79:Infinity":35,"b:78:10:78:42:78:42:78:86:78:86:78:115:78:115:78:Infinity":4,"s:83:24:99:Infinity":36,"f:83:24:83:30":9,"s:84:4:98:Infinity":37,"s:85:18:88:Infinity":38,"s:89:6:89:Infinity":39,"f:89:23:89:24":10,"s:89:33:89:73":40,"f:89:45:89:46":11,"s:89:52:89:72":41,"s:91:6:91:Infinity":42,"b:91:20:91:42:91:42:91:73":5,"s:93:6:97:Infinity":43,"b:94:8:94:Infinity:95:10:95:Infinity:96:10:96:Infinity":6,"s:101:2:103:Infinity":44,"f:101:12:101:18":12,"s:102:4:102:Infinity":45,"s:105:2:132:Infinity":46,"b:128:40:128:56:128:56:128:Infinity":7}}}
,"C:\\Users\\DELL\\Desktop\\Hello\\Demo-project\\frontend\\src\\components\\Pages\\Reports.jsx": {"path":"C:\\Users\\DELL\\Desktop\\Hello\\Demo-project\\frontend\\src\\components\\Pages\\Reports.jsx","statementMap":{"0":{"start":{"line":6,"column":16},"end":{"line":70,"column":null}},"1":{"start":{"line":7,"column":2},"end":{"line":68,"column":null}}},"fnMap":{"0":{"name":"(anonymous_0)","decl":{"start":{"line":6,"column":16},"end":{"line":6,"column":22}},"loc":{"start":{"line":6,"column":22},"end":{"line":70,"column":null}},"line":6}},"branchMap":{},"s":{"0":1,"1":5},"f":{"0":5},"b":{},"meta":{"lastBranch":0,"lastFunction":1,"lastStatement":2,"seen":{"s:6:16:70:Infinity":0,"f:6:16:6:22":0,"s:7:2:68:Infinity":1}}}
,"C:\\Users\\DELL\\Desktop\\Hello\\Demo-project\\frontend\\src\\components\\Pages\\ResetPassword.jsx": {"path":"C:\\Users\\DELL\\Desktop\\Hello\\Demo-project\\frontend\\src\\components\\Pages\\ResetPassword.jsx","statementMap":{"0":{"start":{"line":16,"column":20},"end":{"line":26,"column":null}},"1":{"start":{"line":23,"column":20},"end":{"line":23,"column":60}},"2":{"start":{"line":30,"column":30},"end":{"line":30,"column":null}},"3":{"start":{"line":31,"column":36},"end":{"line":31,"column":null}},"4":{"start":{"line":33,"column":8},"end":{"line":33,"column":null}},"5":{"start":{"line":34,"column":14},"end":{"line":34,"column":null}},"6":{"start":{"line":41,"column":2},"end":{"line":43,"column":null}},"7":{"start":{"line":45,"column":19},"end":{"line":61,"column":null}},"8":{"start":{"line":46,"column":4},"end":{"line":60,"column":null}},"9":{"start":{"line":47,"column":18},"end":{"line":49,"column":null}},"10":{"start":{"line":50,"column":6},"end":{"line":50,"column":null}},"11":{"start":{"line":51,"column":6},"end":{"line":53,"column":null}},"12":{"start":{"line":52,"column":9},"end":{"line":52,"column":null}},"13":{"start":{"line":55,"column":7},"end":{"line":58,"column":null}},"14":{"start":{"line":56,"column":12},"end":{"line":56,"column":null}},"15":{"start":{"line":57,"column":12},"end":{"line":57,"column":null}},"16":{"start":{"line":59,"column":8},"end":{"line":59,"column":null}},"17":{"start":{"line":63,"column":2},"end":{"line":136,"column":null}},"18":{"start":{"line":91,"column":33},"end":{"line":91,"column":null}},"19":{"start":{"line":114,"column":33},"end":{"line":114,"column":null}}},"fnMap":{"0":{"name":"(anonymous_0)","decl":{"start":{"line":23,"column":10},"end":{"line":23,"column":11}},"loc":{"start":{"line":23,"column":20},"end":{"line":23,"column":60}},"line":23},"1":{"name":"ResetPassword","decl":{"start":{"line":28,"column":24},"end":{"line":28,"column":40}},"loc":{"start":{"line":28,"column":40},"end":{"line":138,"column":null}},"line":28},"2":{"name":"(anonymous_2)","decl":{"start":{"line":45,"column":19},"end":{"line":45,"column":26}},"loc":{"start":{"line":45,"column":35},"end":{"line":61,"column":null}},"line":45},"3":{"name":"(anonymous_3)","decl":{"start":{"line":51,"column":17},"end":{"line":51,"column":23}},"loc":{"start":{"line":51,"column":23},"end":{"line":53,"column":9}},"line":51},"4":{"name":"(anonymous_4)","decl":{"start":{"line":91,"column":27},"end":{"line":91,"column":33}},"loc":{"start":{"line":91,"column":33},"end":{"line":91,"column":null}},"line":91},"5":{"name":"(anonymous_5)","decl":{"start":{"line":114,"column":27},"end":{"line":114,"column":33}},"loc":{"start":{"line":114,"column":33},"end":{"line":114,"column":null}},"line":114}},"branchMap":{"0":{"loc":{"start":{"line":55,"column":7},"end":{"line":58,"column":null}},"type":"if","locations":[{"start":{"line":55,"column":7},"end":{"line":58,"column":null}},{"start":{},"end":{}}],"line":55},"1":{"loc":{"start":{"line":59,"column":20},"end":{"line":59,"column":115}},"type":"binary-expr","locations":[{"start":{"line":59,"column":20},"end":{"line":59,"column":52}},{"start":{"line":59,"column":52},"end":{"line":59,"column":81}},{"start":{"line":59,"column":81},"end":{"line":59,"column":115}}],"line":59},"2":{"loc":{"start":{"line":84,"column":24},"end":{"line":84,"column":null}},"type":"cond-expr","locations":[{"start":{"line":84,"column":35},"end":{"line":84,"column":44}},{"start":{"line":84,"column":44},"end":{"line":84,"column":null}}],"line":84},"3":{"loc":{"start":{"line":93,"column":19},"end":{"line":93,"column":null}},"type":"cond-expr","locations":[{"start":{"line":93,"column":30},"end":{"line":93,"column":53}},{"start":{"line":93,"column":53},"end":{"line":93,"column":null}}],"line":93},"4":{"loc":{"start":{"line":96,"column":15},"end":{"line":97,"column":null}},"type":"binary-expr","locations":[{"start":{"line":96,"column":15},"end":{"line":96,"column":null}},{"start":{"line":97,"column":16},"end":{"line":97,"column":null}}],"line":96},"5":{"loc":{"start":{"line":107,"column":24},"end":{"line":107,"column":null}},"type":"cond-expr","locations":[{"start":{"line":107,"column":38},"end":{"line":107,"column":47}},{"start":{"line":107,"column":47},"end":{"line":107,"column":null}}],"line":107},"6":{"loc":{"start":{"line":116,"column":19},"end":{"line":116,"column":null}},"type":"cond-expr","locations":[{"start":{"line":116,"column":33},"end":{"line":116,"column":56}},{"start":{"line":116,"column":56},"end":{"line":116,"column":null}}],"line":116},"7":{"loc":{"start":{"line":119,"column":15},"end":{"line":120,"column":null}},"type":"binary-expr","locations":[{"start":{"line":119,"column":15},"end":{"line":119,"column":null}},{"start":{"line":120,"column":16},"end":{"line":120,"column":null}}],"line":119},"8":{"loc":{"start":{"line":131,"column":15},"end":{"line":131,"column":null}},"type":"cond-expr","locations":[{"start":{"line":131,"column":30},"end":{"line":131,"column":46}},{"start":{"line":131,"column":46},"end":{"line":131,"column":null}}],"line":131}},"s":{"0":1,"1":5,"2":20,"3":20,"4":20,"5":20,"6":20,"7":20,"8":3,"9":3,"10":1,"11":3,"12":1,"13":2,"14":1,"15":1,"16":1,"17":20,"18":0,"19":0},"f":{"0":5,"1":20,"2":3,"3":1,"4":0,"5":0},"b":{"0":[1,1],"1":[1,0,0],"2":[0,20],"3":[0,20],"4":[20,2],"5":[0,20],"6":[0,20],"7":[20,1],"8":[5,15]},"meta":{"lastBranch":9,"lastFunction":6,"lastStatement":20,"seen":{"s:16:20:26:Infinity":0,"f:23:10:23:11":0,"s:23:20:23:60":1,"f:28:24:28:40":1,"s:30:30:30:Infinity":2,"s:31:36:31:Infinity":3,"s:33:8:33:Infinity":4,"s:34:14:34:Infinity":5,"s:41:2:43:Infinity":6,"s:45:19:61:Infinity":7,"f:45:19:45:26":2,"s:46:4:60:Infinity":8,"s:47:18:49:Infinity":9,"s:50:6:50:Infinity":10,"s:51:6:53:Infinity":11,"f:51:17:51:23":3,"s:52:9:52:Infinity":12,"b:55:7:58:Infinity:undefined:undefined:undefined:undefined":0,"s:55:7:58:Infinity":13,"s:56:12:56:Infinity":14,"s:57:12:57:Infinity":15,"s:59:8:59:Infinity":16,"b:59:20:59:52:59:52:59:81:59:81:59:115":1,"s:63:2:136:Infinity":17,"b:84:35:84:44:84:44:84:Infinity":2,"f:91:27:91:33":4,"s:91:33:91:Infinity":18,"b:93:30:93:53:93:53:93:Infinity":3,"b:96:15:96:Infinity:97:16:97:Infinity":4,"b:107:38:107:47:107:47:107:Infinity":5,"f:114:27:114:33":5,"s:114:33:114:Infinity":19,"b:116:33:116:56:116:56:116:Infinity":6,"b:119:15:119:Infinity:120:16:120:Infinity":7,"b:131:30:131:46:131:46:131:Infinity":8}}}
,"C:\\Users\\DELL\\Desktop\\Hello\\Demo-project\\frontend\\src\\components\\Pages\\Suppliers.jsx": {"path":"C:\\Users\\DELL\\Desktop\\Hello\\Demo-project\\frontend\\src\\components\\Pages\\Suppliers.jsx","statementMap":{"0":{"start":{"line":9,"column":18},"end":{"line":134,"column":null}},"1":{"start":{"line":10,"column":40},"end":{"line":10,"column":null}},"2":{"start":{"line":11,"column":22},"end":{"line":11,"column":null}},"3":{"start":{"line":12,"column":22},"end":{"line":12,"column":null}},"4":{"start":{"line":13,"column":46},"end":{"line":13,"column":null}},"5":{"start":{"line":15,"column":23},"end":{"line":19,"column":null}},"6":{"start":{"line":16,"column":4},"end":{"line":16,"column":null}},"7":{"start":{"line":17,"column":4},"end":{"line":17,"column":null}},"8":{"start":{"line":18,"column":4},"end":{"line":18,"column":null}},"9":{"start":{"line":21,"column":21},"end":{"line":25,"column":null}},"10":{"start":{"line":22,"column":4},"end":{"line":22,"column":null}},"11":{"start":{"line":23,"column":4},"end":{"line":23,"column":null}},"12":{"start":{"line":24,"column":4},"end":{"line":24,"column":null}},"13":{"start":{"line":27,"column":28},"end":{"line":41,"column":null}},"14":{"start":{"line":28,"column":4},"end":{"line":40,"column":null}},"15":{"start":{"line":29,"column":18},"end":{"line":32,"column":null}},"16":{"start":{"line":33,"column":6},"end":{"line":33,"column":null}},"17":{"start":{"line":35,"column":6},"end":{"line":39,"column":null}},"18":{"start":{"line":43,"column":25},"end":{"line":60,"column":null}},"19":{"start":{"line":44,"column":4},"end":{"line":59,"column":null}},"20":{"start":{"line":45,"column":18},"end":{"line":49,"column":null}},"21":{"start":{"line":50,"column":6},"end":{"line":50,"column":null}},"22":{"start":{"line":51,"column":6},"end":{"line":51,"column":null}},"23":{"start":{"line":51,"column":33},"end":{"line":51,"column":63}},"24":{"start":{"line":52,"column":6},"end":{"line":52,"column":null}},"25":{"start":{"line":55,"column":6},"end":{"line":55,"column":null}},"26":{"start":{"line":56,"column":6},"end":{"line":58,"column":null}},"27":{"start":{"line":62,"column":25},"end":{"line":81,"column":null}},"28":{"start":{"line":63,"column":4},"end":{"line":80,"column":null}},"29":{"start":{"line":64,"column":18},"end":{"line":68,"column":null}},"30":{"start":{"line":70,"column":6},"end":{"line":72,"column":null}},"31":{"start":{"line":71,"column":8},"end":{"line":71,"column":null}},"32":{"start":{"line":71,"column":25},"end":{"line":71,"column":71}},"33":{"start":{"line":74,"column":6},"end":{"line":74,"column":null}},"34":{"start":{"line":76,"column":8},"end":{"line":76,"column":null}},"35":{"start":{"line":77,"column":8},"end":{"line":79,"column":null}},"36":{"start":{"line":83,"column":25},"end":{"line":99,"column":null}},"37":{"start":{"line":84,"column":4},"end":{"line":98,"column":null}},"38":{"start":{"line":85,"column":18},"end":{"line":88,"column":null}},"39":{"start":{"line":89,"column":6},"end":{"line":89,"column":null}},"40":{"start":{"line":89,"column":33},"end":{"line":89,"column":74}},"41":{"start":{"line":89,"column":52},"end":{"line":89,"column":73}},"42":{"start":{"line":91,"column":6},"end":{"line":91,"column":null}},"43":{"start":{"line":93,"column":6},"end":{"line":97,"column":null}},"44":{"start":{"line":101,"column":2},"end":{"line":103,"column":null}},"45":{"start":{"line":102,"column":4},"end":{"line":102,"column":null}},"46":{"start":{"line":105,"column":2},"end":{"line":132,"column":null}}},"fnMap":{"0":{"name":"(anonymous_0)","decl":{"start":{"line":9,"column":18},"end":{"line":9,"column":24}},"loc":{"start":{"line":9,"column":24},"end":{"line":134,"column":null}},"line":9},"1":{"name":"(anonymous_1)","decl":{"start":{"line":15,"column":23},"end":{"line":15,"column":29}},"loc":{"start":{"line":15,"column":29},"end":{"line":19,"column":null}},"line":15},"2":{"name":"(anonymous_2)","decl":{"start":{"line":21,"column":21},"end":{"line":21,"column":22}},"loc":{"start":{"line":21,"column":35},"end":{"line":25,"column":null}},"line":21},"3":{"name":"(anonymous_3)","decl":{"start":{"line":27,"column":28},"end":{"line":27,"column":40}},"loc":{"start":{"line":27,"column":40},"end":{"line":41,"column":null}},"line":27},"4":{"name":"(anonymous_4)","decl":{"start":{"line":43,"column":25},"end":{"line":43,"column":32}},"loc":{"start":{"line":43,"column":49},"end":{"line":60,"column":null}},"line":43},"5":{"name":"(anonymous_5)","decl":{"start":{"line":51,"column":23},"end":{"line":51,"column":24}},"loc":{"start":{"line":51,"column":33},"end":{"line":51,"column":63}},"line":51},"6":{"name":"(anonymous_6)","decl":{"start":{"line":62,"column":25},"end":{"line":62,"column":32}},"loc":{"start":{"line":62,"column":53},"end":{"line":81,"column":null}},"line":62},"7":{"name":"(anonymous_7)","decl":{"start":{"line":70,"column":23},"end":{"line":70,"column":24}},"loc":{"start":{"line":71,"column":8},"end":{"line":71,"column":null}},"line":71},"8":{"name":"(anonymous_8)","decl":{"start":{"line":71,"column":17},"end":{"line":71,"column":18}},"loc":{"start":{"line":71,"column":25},"end":{"line":71,"column":71}},"line":71},"9":{"name":"(anonymous_9)","decl":{"start":{"line":83,"column":25},"end":{"line":83,"column":31}},"loc":{"start":{"line":83,"column":36},"end":{"line":99,"column":null}},"line":83},"10":{"name":"(anonymous_10)","decl":{"start":{"line":89,"column":23},"end":{"line":89,"column":24}},"loc":{"start":{"line":89,"column":33},"end":{"line":89,"column":74}},"line":89},"11":{"name":"(anonymous_11)","decl":{"start":{"line":89,"column":45},"end":{"line":89,"column":46}},"loc":{"start":{"line":89,"column":52},"end":{"line":89,"column":73}},"line":89},"12":{"name":"(anonymous_12)","decl":{"start":{"line":101,"column":12},"end":{"line":101,"column":18}},"loc":{"start":{"line":101,"column":18},"end":{"line":103,"column":5}},"line":101}},"branchMap":{"0":{"loc":{"start":{"line":36,"column":8},"end":{"line":38,"column":null}},"type":"binary-expr","locations":[{"start":{"line":36,"column":8},"end":{"line":36,"column":null}},{"start":{"line":37,"column":10},"end":{"line":37,"column":null}},{"start":{"line":38,"column":10},"end":{"line":38,"column":null}}],"line":36},"1":{"loc":{"start":{"line":52,"column":20},"end":{"line":52,"column":74}},"type":"binary-expr","locations":[{"start":{"line":52,"column":20},"end":{"line":52,"column":42}},{"start":{"line":52,"column":42},"end":{"line":52,"column":74}}],"line":52},"2":{"loc":{"start":{"line":57,"column":8},"end":{"line":57,"column":null}},"type":"binary-expr","locations":[{"start":{"line":57,"column":8},"end":{"line":57,"column":40}},{"start":{"line":57,"column":40},"end":{"line":57,"column":85}},{"start":{"line":57,"column":85},"end":{"line":57,"column":114}},{"start":{"line":57,"column":114},"end":{"line":57,"column":null}}],"line":57},"3":{"loc":{"start":{"line":71,"column":25},"end":{"line":71,"column":71}},"type":"cond-expr","locations":[{"start":{"line":71,"column":49},"end":{"line":71,"column":69}},{"start":{"line":71,"column":69},"end":{"line":71,"column":71}}],"line":71},"4":{"loc":{"start":{"line":78,"column":10},"end":{"line":78,"column":null}},"type":"binary-expr","locations":[{"start":{"line":78,"column":10},"end":{"line":78,"column":42}},{"start":{"line":78,"column":42},"end":{"line":78,"column":87}},{"start":{"line":78,"column":87},"end":{"line":78,"column":116}},{"start":{"line":78,"column":116},"end":{"line":78,"column":null}}],"line":78},"5":{"loc":{"start":{"line":91,"column":20},"end":{"line":91,"column":74}},"type":"binary-expr","locations":[{"start":{"line":91,"column":20},"end":{"line":91,"column":42}},{"start":{"line":91,"column":42},"end":{"line":91,"column":74}}],"line":91},"6":{"loc":{"start":{"line":94,"column":8},"end":{"line":96,"column":null}},"type":"binary-expr","locations":[{"start":{"line":94,"column":8},"end":{"line":94,"column":null}},{"start":{"line":95,"column":10},"end":{"line":95,"column":null}},{"start":{"line":96,"column":10},"end":{"line":96,"column":null}}],"line":94},"7":{"loc":{"start":{"line":128,"column":20},"end":{"line":128,"column":null}},"type":"cond-expr","locations":[{"start":{"line":128,"column":40},"end":{"line":128,"column":57}},{"start":{"line":128,"column":57},"end":{"line":128,"column":null}}],"line":128}},"s":{"0":1,"1":22,"2":22,"3":22,"4":22,"5":22,"6":4,"7":4,"8":4,"9":22,"10":0,"11":0,"12":0,"13":22,"14":8,"15":8,"16":7,"17":1,"18":22,"19":3,"20":3,"21":2,"22":3,"23":2,"24":3,"25":1,"26":1,"27":22,"28":0,"29":0,"30":0,"31":0,"32":0,"33":0,"34":0,"35":0,"36":22,"37":1,"38":1,"39":1,"40":1,"41":2,"42":1,"43":0,"44":22,"45":8,"46":22},"f":{"0":22,"1":4,"2":0,"3":8,"4":3,"5":2,"6":0,"7":0,"8":0,"9":1,"10":1,"11":2,"12":8},"b":{"0":[1,0,0],"1":[3,1],"2":[1,1,0,0],"3":[0,0],"4":[0,0,0,0],"5":[1,0],"6":[0,0,0],"7":[22,0]},"meta":{"lastBranch":8,"lastFunction":13,"lastStatement":47,"seen":{"s:9:18:134:Infinity":0,"f:9:18:9:24":0,"s:10:40:10:Infinity":1,"s:11:22:11:Infinity":2,"s:12:22:12:Infinity":3,"s:13:46:13:Infinity":4,"s:15:23:19:Infinity":5,"f:15:23:15:29":1,"s:16:4:16:Infinity":6,"s:17:4:17:Infinity":7,"s:18:4:18:Infinity":8,"s:21:21:25:Infinity":9,"f:21:21:21:22":2,"s:22:4:22:Infinity":10,"s:23:4:23:Infinity":11,"s:24:4:24:Infinity":12,"s:27:28:41:Infinity":13,"f:27:28:27:40":3,"s:28:4:40:Infinity":14,"s:29:18:32:Infinity":15,"s:33:6:33:Infinity":16,"s:35:6:39:Infinity":17,"b:36:8:36:Infinity:37:10:37:Infinity:38:10:38:Infinity":0,"s:43:25:60:Infinity":18,"f:43:25:43:32":4,"s:44:4:59:Infinity":19,"s:45:18:49:Infinity":20,"s:50:6:50:Infinity":21,"s:51:6:51:Infinity":22,"f:51:23:51:24":5,"s:51:33:51:63":23,"s:52:6:52:Infinity":24,"b:52:20:52:42:52:42:52:74":1,"s:55:6:55:Infinity":25,"s:56:6:58:Infinity":26,"b:57:8:57:40:57:40:57:85:57:85:57:114:57:114:57:Infinity":2,"s:62:25:81:Infinity":27,"f:62:25:62:32":6,"s:63:4:80:Infinity":28,"s:64:18:68:Infinity":29,"s:70:6:72:Infinity":30,"f:70:23:70:24":7,"s:71:8:71:Infinity":31,"f:71:17:71:18":8,"s:71:25:71:71":32,"b:71:49:71:69:71:69:71:71":3,"s:74:6:74:Infinity":33,"s:76:8:76:Infinity":34,"s:77:8:79:Infinity":35,"b:78:10:78:42:78:42:78:87:78:87:78:116:78:116:78:Infinity":4,"s:83:25:99:Infinity":36,"f:83:25:83:31":9,"s:84:4:98:Infinity":37,"s:85:18:88:Infinity":38,"s:89:6:89:Infinity":39,"f:89:23:89:24":10,"s:89:33:89:74":40,"f:89:45:89:46":11,"s:89:52:89:73":41,"s:91:6:91:Infinity":42,"b:91:20:91:42:91:42:91:74":5,"s:93:6:97:Infinity":43,"b:94:8:94:Infinity:95:10:95:Infinity:96:10:96:Infinity":6,"s:101:2:103:Infinity":44,"f:101:12:101:18":12,"s:102:4:102:Infinity":45,"s:105:2:132:Infinity":46,"b:128:40:128:57:128:57:128:Infinity":7}}}
[...]
,"C:\\Users\\DELL\\Desktop\\Hello\\Demo-project\\frontend\\src\\components\\Utils\\userContext.jsx": {"path":"C:\\Users\\DELL\\Desktop\\Hello\\Demo-project\\frontend\\src\\components\\Utils\\userContext.jsx","statementMap":{"0":{"start":{"line":5,"column":13},"end":{"line":5,"column":null}},"1":{"start":{"line":7,"column":28},"end":{"line":46,"column":null}},"2":{"start":{"line":9,"column":22},"end":{"line":9,"column":null}},"3":{"start":{"line":10,"column":28},"end":{"line":10,"column":null}},"4":{"start":{"line":13,"column":2},"end":{"line":39,"column":null}},"5":{"start":{"line":14,"column":23},"end":{"line":31,"column":null}},"6":{"start":{"line":15,"column":6},"end":{"line":30,"column":null}},"7":{"start":{"line":16,"column":25},"end":{"line":18,"column":null}},"8":{"start":{"line":19,"column":8},"end":{"line":19,"column":null}},"9":{"start":{"line":20,"column":8},"end":{"line":24,"column":null}},"10":{"start":{"line":21,"column":10},"end":{"line":21,"column":null}},"11":{"start":{"line":23,"column":10},"end":{"line":23,"column":null}},"12":{"start":{"line":26,"column":8},"end":{"line":26,"column":null}},"13":{"start":{"line":27,"column":8},"end":{"line":27,"column":null}},"14":{"start":{"line":29,"column":8},"end":{"line":29,"column":null}},"15":{"start":{"line":33,"column":6},"end":{"line":38,"column":null}},"16":{"start":{"line":34,"column":8},"end":{"line":34,"column":null}},"17":{"start":{"line":37,"column":8},"end":{"line":37,"column":null}},"18":{"start":{"line":41,"column":2},"end":{"line":44,"column":null}}},"fnMap":{"0":{"name":"(anonymous_0)","decl":{"start":{"line":7,"column":28},"end":{"line":7,"column":29}},"loc":{"start":{"line":7,"column":46},"end":{"line":46,"column":null}},"line":7},"1":{"name":"(anonymous_1)","decl":{"start":{"line":13,"column":12},"end":{"line":13,"column":18}},"loc":{"start":{"line":13,"column":18},"end":{"line":39,"column":5}},"line":13},"2":{"name":"(anonymous_2)","decl":{"start":{"line":14,"column":23},"end":{"line":14,"column":35}},"loc":{"start":{"line":14,"column":35},"end":{"line":31,"column":null}},"line":14}},"branchMap":{"0":{"loc":{"start":{"line":20,"column":8},"end":{"line":24,"column":null}},"type":"if","locations":[{"start":{"line":20,"column":8},"end":{"line":24,"column":null}},{"start":{"line":22,"column":15},"end":{"line":24,"column":null}}],"line":20},"1":{"loc":{"start":{"line":26,"column":52},"end":{"line":26,"column":85}},"type":"binary-expr","locations":[{"start":{"line":26,"column":52},"end":{"line":26,"column":74}},{"start":{"line":26,"column":74},"end":{"line":26,"column":85}}],"line":26},"2":{"loc":{"start":{"line":33,"column":6},"end":{"line":38,"column":null}},"type":"if","locations":[{"start":{"line":33,"column":6},"end":{"line":38,"column":null}},{"start":{"line":35,"column":13},"end":{"line":38,"column":null}}],"line":33}},"s":{"0":4,"1":4,"2":0,"3":0,"4":0,"5":0,"6":0,"7":0,"8":0,"9":0,"10":0,"11":0,"12":0,"13":0,"14":0,"15":0,"16":0,"17":0,"18":0},"f":{"0":0,"1":0,"2":0},"b":{"0":[0,0],"1":[0,0],"2":[0,0]},"meta":{"lastBranch":3,"lastFunction":3,"lastStatement":19,"seen":{"s:5:13:5:Infinity":0,"s:7:28:46:Infinity":1,"f:7:28:7:29":0,"s:9:22:9:Infinity":2,"s:10:28:10:Infinity":3,"s:13:2:39:Infinity":4,"f:13:12:13:18":1,"s:14:23:31:Infinity":5,"f:14:23:14:35":2,"s:15:6:30:Infinity":6,"s:16:25:18:Infinity":7,"s:19:8:19:Infinity":8,"b:20:8:24:Infinity:22:15:24:Infinity":0,"s:20:8:24:Infinity":9,"s:21:10:21:Infinity":10,"s:23:10:23:Infinity":11,"s:26:8:26:Infinity":12,"b:26:52:26:74:26:74:26:85":1,"s:27:8:27:Infinity":13,"s:29:8:29:Infinity":14,"b:33:6:38:Infinity:35:13:38:Infinity":2,"s:33:6:38:Infinity":15,"s:34:8:34:Infinity":16,"s:37:8:37:Infinity":17,"s:41:2:44:Infinity":18}}}
,"C:\\Users\\DELL\\Desktop\\Hello\\Demo-project\\frontend\\src\\components\\ValidateSchema\\authInputValidationShema.js": {"path":"C:\\Users\\DELL\\Desktop\\Hello\\Demo-project\\frontend\\src\\components\\ValidateSchema\\authInputValidationShema.js","statementMap":{"0":{"start":{"line":5,"column":2},"end":{"line":5,"column":75}},"1":{"start":{"line":8,"column":20},"end":{"line":14,"column":32}},"2":{"start":{"line":17,"column":23},"end":{"line":25,"column":5}},"3":{"start":{"line":37,"column":18},"end":{"line":37,"column":48}},"4":{"start":{"line":40,"column":34},"end":{"line":64,"column":10}},"5":{"start":{"line":67,"column":31},"end":{"line":70,"column":2}},"6":{"start":{"line":74,"column":30},"end":{"line":90,"column":2}}},"fnMap":{},"branchMap":{},"s":{"0":1,"1":1,"2":1,"3":1,"4":1,"5":1,"6":1},"f":{},"b":{},"meta":{"lastBranch":0,"lastFunction":0,"lastStatement":7,"seen":{"s:5:2:5:75":0,"s:8:20:14:32":1,"s:17:23:25:5":2,"s:37:18:37:48":3,"s:40:34:64:10":4,"s:67:31:70:2":5,"s:74:30:90:2":6}}}
,"C:\\Users\\DELL\\Desktop\\Hello\\Demo-project\\frontend\\src\\components\\ui\\alert-dialog.jsx": {"path":"C:\\Users\\DELL\\Desktop\\Hello\\Demo-project\\frontend\\src\\components\\ui\\alert-dialog.jsx","statementMap":{"0":{"start":{"line":10,"column":2},"end":{"line":10,"column":null}},"1":{"start":{"line":16,"column":2},"end":{"line":16,"column":null}},"2":{"start":{"line":22,"column":2},"end":{"line":22,"column":null}},"3":{"start":{"line":29,"column":2},"end":{"line":36,"column":null}},"4":{"start":{"line":44,"column":2},"end":{"line":54,"column":null}},"5":{"start":{"line":62,"column":2},"end":{"line":66,"column":null}},"6":{"start":{"line":74,"column":2},"end":{"line":78,"column":null}},"7":{"start":{"line":86,"column":2},"end":{"line":90,"column":null}},"8":{"start":{"line":98,"column":2},"end":{"line":102,"column":null}},"9":{"start":{"line":110,"column":2},"end":{"line":110,"column":null}},"10":{"start":{"line":117,"column":2},"end":{"line":120,"column":null}}},"fnMap":{"0":{"name":"AlertDialog","decl":{"start":{"line":7,"column":9},"end":{"line":7,"column":21}},"loc":{"start":{"line":9,"column":3},"end":{"line":11,"column":null}},"line":9},"1":{"name":"AlertDialogTrigger","decl":{"start":{"line":13,"column":9},"end":{"line":13,"column":28}},"loc":{"start":{"line":15,"column":3},"end":{"line":17,"column":null}},"line":15},"2":{"name":"AlertDialogPortal","decl":{"start":{"line":19,"column":9},"end":{"line":19,"column":27}},"loc":{"start":{"line":21,"column":3},"end":{"line":23,"column":null}},"line":21},"3":{"name":"AlertDialogOverlay","decl":{"start":{"line":25,"column":9},"end":{"line":25,"column":28}},"loc":{"start":{"line":28,"column":3},"end":{"line":38,"column":null}},"line":28},"4":{"name":"AlertDialogContent","decl":{"start":{"line":40,"column":9},"end":{"line":40,"column":28}},"loc":{"start":{"line":43,"column":3},"end":{"line":56,"column":null}},"line":43},"5":{"name":"AlertDialogHeader","decl":{"start":{"line":58,"column":9},"end":{"line":58,"column":27}},"loc":{"start":{"line":61,"column":3},"end":{"line":68,"column":null}},"line":61},"6":{"name":"AlertDialogFooter","decl":{"start":{"line":70,"column":9},"end":{"line":70,"column":27}},"loc":{"start":{"line":73,"column":3},"end":{"line":80,"column":null}},"line":73},"7":{"name":"AlertDialogTitle","decl":{"start":{"line":82,"column":9},"end":{"line":82,"column":26}},"loc":{"start":{"line":85,"column":3},"end":{"line":92,"column":null}},"line":85},"8":{"name":"AlertDialogDescription","decl":{"start":{"line":94,"column":9},"end":{"line":94,"column":32}},"loc":{"start":{"line":97,"column":3},"end":{"line":104,"column":null}},"line":97},"9":{"name":"AlertDialogAction","decl":{"start":{"line":106,"column":9},"end":{"line":106,"column":27}},"loc":{"start":{"line":109,"column":3},"end":{"line":111,"column":null}},"line":109},"10":{"name":"AlertDialogCancel","decl":{"start":{"line":113,"column":9},"end":{"line":113,"column":27}},"loc":{"start":{"line":116,"column":3},"end":{"line":122,"column":null}},"line":116}},"branchMap":{},"s":{"0":0,"1":0,"2":0,"3":0,"4":0,"5":0,"6":0,"7":0,"8":0,"9":0,"10":0},"f":{"0":0,"1":0,"2":0,"3":0,"4":0,"5":0,"6":0,"7":0,"8":0,"9":0,"10":0},"b":{},"meta":{"lastBranch":0,"lastFunction":11,"lastStatement":11,"seen":{"f:7:9:7:21":0,"s:10:2:10:Infinity":0,"f:13:9:13:28":1,"s:16:2:16:Infinity":1,"f:19:9:19:27":2,"s:22:2:22:Infinity":2,"f:25:9:25:28":3,"s:29:2:36:Infinity":3,"f:40:9:40:28":4,"s:44:2:54:Infinity":4,"f:58:9:58:27":5,"s:62:2:66:Infinity":5,"f:70:9:70:27":6,"s:74:2:78:Infinity":6,"f:82:9:82:26":7,"s:86:2:90:Infinity":7,"f:94:9:94:32":8,"s:98:2:102:Infinity":8,"f:106:9:106:27":9,"s:110:2:110:Infinity":9,"f:113:9:113:27":10,"s:117:2:120:Infinity":10}}}
,"C:\\Users\\DELL\\Desktop\\Hello\\Demo-project\\frontend\\src\\components\\ui\\button.jsx": {"path":"C:\\Users\\DELL\\Desktop\\Hello\\Demo-project\\frontend\\src\\components\\ui\\button.jsx","statementMap":{"0":{"start":{"line":7,"column":6},"end":{"line":37,"column":null}},"1":{"start":{"line":46,"column":15},"end":{"line":46,"column":null}},"2":{"start":{"line":48,"column":2},"end":{"line":52,"column":null}}},"fnMap":{"0":{"name":"Button","decl":{"start":{"line":39,"column":9},"end":{"line":39,"column":16}},"loc":{"start":{"line":45,"column":3},"end":{"line":54,"column":null}},"line":45}},"branchMap":{"0":{"loc":{"start":{"line":43,"column":2},"end":{"line":43,"column":null}},"type":"default-arg","locations":[{"start":{"line":43,"column":12},"end":{"line":43,"column":null}}],"line":43},"1":{"loc":{"start":{"line":46,"column":15},"end":{"line":46,"column":null}},"type":"cond-expr","locations":[{"start":{"line":46,"column":25},"end":{"line":46,"column":32}},{"start":{"line":46,"column":32},"end":{"line":46,"column":null}}],"line":46}},"s":{"0":10,"1":156,"2":156},"f":{"0":156},"b":{"0":[156],"1":[0,156]},"meta":{"lastBranch":2,"lastFunction":1,"lastStatement":3,"seen":{"s:7:6:37:Infinity":0,"f:39:9:39:16":0,"b:43:12:43:Infinity":0,"s:46:15:46:Infinity":1,"b:46:25:46:32:46:32:46:Infinity":1,"s:48:2:52:Infinity":2}}}
,"C:\\Users\\DELL\\Desktop\\Hello\\Demo-project\\frontend\\src\\components\\ui\\card.jsx": {"path":"C:\\Users\\DELL\\Desktop\\Hello\\Demo-project\\frontend\\src\\components\\ui\\card.jsx","statementMap":{"0":{"start":{"line":9,"column":2},"end":{"line":16,"column":null}},"1":{"start":{"line":24,"column":2},"end":{"line":31,"column":null}},"2":{"start":{"line":39,"column":2},"end":{"line":43,"column":null}},"3":{"start":{"line":51,"column":2},"end":{"line":55,"column":null}},"4":{"start":{"line":63,"column":2},"end":{"line":70,"column":null}},"5":{"start":{"line":78,"column":2},"end":{"line":78,"column":null}},"6":{"start":{"line":85,"column":2},"end":{"line":89,"column":null}}},"fnMap":{"0":{"name":"Card","decl":{"start":{"line":5,"column":9},"end":{"line":5,"column":14}},"loc":{"start":{"line":8,"column":3},"end":{"line":18,"column":null}},"line":8},"1":{"name":"CardHeader","decl":{"start":{"line":20,"column":9},"end":{"line":20,"column":20}},"loc":{"start":{"line":23,"column":3},"end":{"line":33,"column":null}},"line":23},"2":{"name":"CardTitle","decl":{"start":{"line":35,"column":9},"end":{"line":35,"column":19}},"loc":{"start":{"line":38,"column":3},"end":{"line":45,"column":null}},"line":38},"3":{"name":"CardDescription","decl":{"start":{"line":47,"column":9},"end":{"line":47,"column":25}},"loc":{"start":{"line":50,"column":3},"end":{"line":57,"column":null}},"line":50},"4":{"name":"CardAction","decl":{"start":{"line":59,"column":9},"end":{"line":59,"column":20}},"loc":{"start":{"line":62,"column":3},"end":{"line":72,"column":null}},"line":62},"5":{"name":"CardContent","decl":{"start":{"line":74,"column":9},"end":{"line":74,"column":21}},"loc":{"start":{"line":77,"column":3},"end":{"line":79,"column":null}},"line":77},"6":{"name":"CardFooter","decl":{"start":{"line":81,"column":9},"end":{"line":81,"column":20}},"loc":{"start":{"line":84,"column":3},"end":{"line":91,"column":null}},"line":84}},"branchMap":{},"s":{"0":73,"1":53,"2":53,"3":0,"4":0,"5":73,"6":44},"f":{"0":73,"1":53,"2":53,"3":0,"4":0,"5":73,"6":44},"b":{},"meta":{"lastBranch":0,"lastFunction":7,"lastStatement":7,"seen":{"f:5:9:5:14":0,"s:9:2:16:Infinity":0,"f:20:9:20:20":1,"s:24:2:31:Infinity":1,"f:35:9:35:19":2,"s:39:2:43:Infinity":2,"f:47:9:47:25":3,"s:51:2:55:Infinity":3,"f:59:9:59:20":4,"s:63:2:70:Infinity":4,"f:74:9:74:21":5,"s:78:2:78:Infinity":5,"f:81:9:81:20":6,"s:85:2:89:Infinity":6}}}
,"C:\\Users\\DELL\\Desktop\\Hello\\Demo-project\\frontend\\src\\components\\ui\\dropdown-menu.jsx": {"path":"C:\\Users\\DELL\\Desktop\\Hello\\Demo-project\\frontend\\src\\components\\ui\\dropdown-menu.jsx","statementMap":{"0":{"start":{"line":10,"column":2},"end":{"line":10,"column":null}},"1":{"start":{"line":16,"column":2},"end":{"line":16,"column":null}},"2":{"start":{"line":22,"column":2},"end":{"line":22,"column":null}},"3":{"start":{"line":30,"column":2},"end":{"line":40,"column":null}},"4":{"start":{"line":47,"column":2},"end":{"line":47,"column":null}},"5":{"start":{"line":56,"column":2},"end":{"line":65,"column":null}},"6":{"start":{"line":75,"column":2},"end":{"line":91,"column":null}},"7":{"start":{"line":98,"column":2},"end":{"line":98,"column":null}},"8":{"start":{"line":106,"column":2},"end":{"line":121,"column":null}},"9":{"start":{"line":130,"column":2},"end":{"line":135,"column":null}},"10":{"start":{"line":143,"column":2},"end":{"line":147,"column":null}},"11":{"start":{"line":155,"column":2},"end":{"line":159,"column":null}},"12":{"start":{"line":166,"column":2},"end":{"line":166,"column":null}},"13":{"start":{"line":175,"column":2},"end":{"line":186,"column":null}},"14":{"start":{"line":194,"column":2},"end":{"line":201,"column":null}}},"fnMap":{"0":{"name":"DropdownMenu","decl":{"start":{"line":7,"column":9},"end":{"line":7,"column":22}},"loc":{"start":{"line":9,"column":3},"end":{"line":11,"column":null}},"line":9},"1":{"name":"DropdownMenuPortal","decl":{"start":{"line":13,"column":9},"end":{"line":13,"column":28}},"loc":{"start":{"line":15,"column":3},"end":{"line":17,"column":null}},"line":15},"2":{"name":"DropdownMenuTrigger","decl":{"start":{"line":19,"column":9},"end":{"line":19,"column":29}},"loc":{"start":{"line":21,"column":3},"end":{"line":23,"column":null}},"line":21},"3":{"name":"DropdownMenuContent","decl":{"start":{"line":25,"column":9},"end":{"line":25,"column":29}},"loc":{"start":{"line":29,"column":3},"end":{"line":42,"column":null}},"line":29},"4":{"name":"DropdownMenuGroup","decl":{"start":{"line":44,"column":9},"end":{"line":44,"column":27}},"loc":{"start":{"line":46,"column":3},"end":{"line":48,"column":null}},"line":46},"5":{"name":"DropdownMenuItem","decl":{"start":{"line":50,"column":9},"end":{"line":50,"column":26}},"loc":{"start":{"line":55,"column":3},"end":{"line":67,"column":null}},"line":55},"6":{"name":"DropdownMenuCheckboxItem","decl":{"start":{"line":69,"column":9},"end":{"line":69,"column":34}},"loc":{"start":{"line":74,"column":3},"end":{"line":93,"column":null}},"line":74},"7":{"name":"DropdownMenuRadioGroup","decl":{"start":{"line":95,"column":9},"end":{"line":95,"column":32}},"loc":{"start":{"line":97,"column":3},"end":{"line":99,"column":null}},"line":97},"8":{"name":"DropdownMenuRadioItem","decl":{"start":{"line":101,"column":9},"end":{"line":101,"column":31}},"loc":{"start":{"line":105,"column":3},"end":{"line":123,"column":null}},"line":105},"9":{"name":"DropdownMenuLabel","decl":{"start":{"line":125,"column":9},"end":{"line":125,"column":27}},"loc":{"start":{"line":129,"column":3},"end":{"line":137,"column":null}},"line":129},"10":{"name":"DropdownMenuSeparator","decl":{"start":{"line":139,"column":9},"end":{"line":139,"column":31}},"loc":{"start":{"line":142,"column":3},"end":{"line":149,"column":null}},"line":142},"11":{"name":"DropdownMenuShortcut","decl":{"start":{"line":151,"column":9},"end":{"line":151,"column":30}},"loc":{"start":{"line":154,"column":3},"end":{"line":161,"column":null}},"line":154},"12":{"name":"DropdownMenuSub","decl":{"start":{"line":163,"column":9},"end":{"line":163,"column":25}},"loc":{"start":{"line":165,"column":3},"end":{"line":167,"column":null}},"line":165},"13":{"name":"DropdownMenuSubTrigger","decl":{"start":{"line":169,"column":9},"end":{"line":169,"column":32}},"loc":{"start":{"line":174,"column":3},"end":{"line":188,"column":null}},"line":174},"14":{"name":"DropdownMenuSubContent","decl":{"start":{"line":190,"column":9},"end":{"line":190,"column":32}},"loc":{"start":{"line":193,"column":3},"end":{"line":203,"column":null}},"line":193}},"branchMap":{"0":{"loc":{"start":{"line":27,"column":2},"end":{"line":27,"column":null}},"type":"default-arg","locations":[{"start":{"line":27,"column":15},"end":{"line":27,"column":null}}],"line":27},"1":{"loc":{"start":{"line":53,"column":2},"end":{"line":53,"column":null}},"type":"default-arg","locations":[{"start":{"line":53,"column":12},"end":{"line":53,"column":null}}],"line":53}},"s":{"0":0,"1":0,"2":0,"3":0,"4":0,"5":0,"6":0,"7":0,"8":0,"9":0,"10":0,"11":0,"12":0,"13":0,"14":0},"f":{"0":0,"1":0,"2":0,"3":0,"4":0,"5":0,"6":0,"7":0,"8":0,"9":0,"10":0,"11":0,"12":0,"13":0,"14":0},"b":{"0":[0],"1":[0]},"meta":{"lastBranch":2,"lastFunction":15,"lastStatement":15,"seen":{"f:7:9:7:22":0,"s:10:2:10:Infinity":0,"f:13:9:13:28":1,"s:16:2:16:Infinity":1,"f:19:9:19:29":2,"s:22:2:22:Infinity":2,"f:25:9:25:29":3,"b:27:15:27:Infinity":0,"s:30:2:40:Infinity":3,"f:44:9:44:27":4,"s:47:2:47:Infinity":4,"f:50:9:50:26":5,"b:53:12:53:Infinity":1,"s:56:2:65:Infinity":5,"f:69:9:69:34":6,"s:75:2:91:Infinity":6,"f:95:9:95:32":7,"s:98:2:98:Infinity":7,"f:101:9:101:31":8,"s:106:2:121:Infinity":8,"f:125:9:125:27":9,"s:130:2:135:Infinity":9,"f:139:9:139:31":10,"s:143:2:147:Infinity":10,"f:151:9:151:30":11,"s:155:2:159:Infinity":11,"f:163:9:163:25":12,"s:166:2:166:Infinity":12,"f:169:9:169:32":13,"s:175:2:186:Infinity":13,"f:190:9:190:32":14,"s:194:2:201:Infinity":14}}}
,"C:\\Users\\DELL\\Desktop\\Hello\\Demo-project\\frontend\\src\\components\\ui\\input.jsx": {"path":"C:\\Users\\DELL\\Desktop\\Hello\\Demo-project\\frontend\\src\\components\\ui\\input.jsx","statementMap":{"0":{"start":{"line":10,"column":2},"end":{"line":20,"column":null}}},"fnMap":{"0":{"name":"Input","decl":{"start":{"line":5,"column":9},"end":{"line":5,"column":15}},"loc":{"start":{"line":9,"column":3},"end":{"line":22,"column":null}},"line":9}},"branchMap":{},"s":{"0":94},"f":{"0":94},"b":{},"meta":{"lastBranch":0,"lastFunction":1,"lastStatement":1,"seen":{"f:5:9:5:15":0,"s:10:2:20:Infinity":0}}}
,"C:\\Users\\DELL\\Desktop\\Hello\\Demo-project\\frontend\\src\\components\\ui\\label.jsx": {"path":"C:\\Users\\DELL\\Desktop\\Hello\\Demo-project\\frontend\\src\\components\\ui\\label.jsx","statementMap":{"0":{"start":{"line":10,"column":2},"end":{"line":17,"column":null}}},"fnMap":{"0":{"name":"Label","decl":{"start":{"line":6,"column":9},"end":{"line":6,"column":15}},"loc":{"start":{"line":9,"column":3},"end":{"line":19,"column":null}},"line":9}},"branchMap":{},"s":{"0":74},"f":{"0":74},"b":{},"meta":{"lastBranch":0,"lastFunction":1,"lastStatement":1,"seen":{"f:6:9:6:15":0,"s:10:2:17:Infinity":0}}}
,"C:\\Users\\DELL\\Desktop\\Hello\\Demo-project\\frontend\\src\\lib\\utils.js": {"path":"C:\\Users\\DELL\\Desktop\\Hello\\Demo-project\\frontend\\src\\lib\\utils.js","statementMap":{"0":{"start":{"line":5,"column":2},"end":{"line":5,"column":31}}},"fnMap":{"0":{"name":"cn","decl":{"start":{"line":4,"column":16},"end":{"line":4,"column":18}},"loc":{"start":{"line":4,"column":30},"end":{"line":6,"column":1}},"line":4}},"branchMap":{},"s":{"0":620},"f":{"0":620},"b":{},"meta":{"lastBranch":0,"lastFunction":1,"lastStatement":1,"seen":{"f:4:16:4:18":0,"s:5:2:5:31":0}}}
}
